1598319516490	geckodriver	INFO	Listening on 127.0.0.1:58494
1598319517508	mozrunner::runner	INFO	Running command: "/Applications/Firefox.app/Contents/MacOS/firefox-bin" "--marionette" "-foreground" "-no-remote" "-profile" "/var/folders/1t/bb2drqkd5qng63n6xbv7zyhc0000gn/T/rust_mozprofileW50CoC"
console.error: SearchCache: "_readCacheFile: Error reading cache file:" (new Error("", "(unknown module)"))
1598319520898	Marionette	INFO	Listening on port 58551
1598319520951	Marionette	WARN	TLS certificate errors will be ignored for this session
1598319523310	geckodriver	INFO	Listening on 127.0.0.1:58875
1598319524322	mozrunner::runner	INFO	Running command: "/Applications/Firefox.app/Contents/MacOS/firefox-bin" "--marionette" "-foreground" "-no-remote" "-profile" "/var/folders/1t/bb2drqkd5qng63n6xbv7zyhc0000gn/T/rust_mozprofileYnEqNZ"
console.error: SearchCache: "_readCacheFile: Error reading cache file:" (new Error("", "(unknown module)"))
1598319527134	Marionette	INFO	Listening on port 58933
1598319527230	Marionette	WARN	TLS certificate errors will be ignored for this session
IPDL protocol error: Handler returned error code!

###!!! [Parent][DispatchAsyncMessage] Error: PLayerTransaction::Msg_ReleaseLayer Processing error: message was deserialized, but the handler returned false (indicating failure)

IPDL protocol error: Handler returned error code!

###!!! [Parent][DispatchAsyncMessage] Error: PLayerTransaction::Msg_ReleaseLayer Processing error: message was deserialized, but the handler returned false (indicating failure)

Exiting due to channel error.
Exiting due to channel error.
Exiting due to channel error.
[GFX1-]: Receive IPC close with reason=AbnormalShutdown
Exiting due to channel error.
1598320718969	geckodriver	INFO	Listening on 127.0.0.1:65207
1598320719979	mozrunner::runner	INFO	Running command: "/Applications/Firefox.app/Contents/MacOS/firefox-bin" "--marionette" "-foreground" "-no-remote" "-profile" "/var/folders/1t/bb2drqkd5qng63n6xbv7zyhc0000gn/T/rust_mozprofile3Ff41R"
console.error: SearchCache: "_readCacheFile: Error reading cache file:" (new Error("", "(unknown module)"))
1598320723109	Marionette	INFO	Listening on port 65263
1598320723194	Marionette	WARN	TLS certificate errors will be ignored for this session
1598320725809	geckodriver	INFO	Listening on 127.0.0.1:49207
1598320726814	mozrunner::runner	INFO	Running command: "/Applications/Firefox.app/Contents/MacOS/firefox-bin" "--marionette" "-foreground" "-no-remote" "-profile" "/var/folders/1t/bb2drqkd5qng63n6xbv7zyhc0000gn/T/rust_mozprofileLe7sKl"
console.error: SearchCache: "_readCacheFile: Error reading cache file:" (new Error("", "(unknown module)"))
1598320729407	Marionette	INFO	Listening on port 49265
1598320729510	Marionette	WARN	TLS certificate errors will be ignored for this session
Exiting due to channel error.
Exiting due to channel error.
Exiting due to channel error.
Exiting due to channel error.
1598320929262	geckodriver	INFO	Listening on 127.0.0.1:58633
1598320930273	mozrunner::runner	INFO	Running command: "/Applications/Firefox.app/Contents/MacOS/firefox-bin" "--marionette" "-foreground" "-no-remote" "-profile" "/var/folders/1t/bb2drqkd5qng63n6xbv7zyhc0000gn/T/rust_mozprofilexKtQAe"
console.error: SearchCache: "_readCacheFile: Error reading cache file:" (new Error("", "(unknown module)"))
1598320932423	Marionette	INFO	Listening on port 58689
1598320932440	Marionette	WARN	TLS certificate errors will be ignored for this session
1598321709913	geckodriver	INFO	Listening on 127.0.0.1:61558
1598321710928	mozrunner::runner	INFO	Running command: "/Applications/Firefox.app/Contents/MacOS/firefox-bin" "--marionette" "-foreground" "-no-remote" "-profile" "/var/folders/1t/bb2drqkd5qng63n6xbv7zyhc0000gn/T/rust_mozprofile7bCKJY"
console.error: SearchCache: "_readCacheFile: Error reading cache file:" (new Error("", "(unknown module)"))
1598321714401	Marionette	INFO	Listening on port 61613
1598321714469	Marionette	WARN	TLS certificate errors will be ignored for this session
1598322382401	geckodriver	INFO	Listening on 127.0.0.1:59635
1598322383417	mozrunner::runner	INFO	Running command: "/Applications/Firefox.app/Contents/MacOS/firefox-bin" "--marionette" "-foreground" "-no-remote" "-profile" "/var/folders/1t/bb2drqkd5qng63n6xbv7zyhc0000gn/T/rust_mozprofile7bWg20"
console.error: SearchCache: "_readCacheFile: Error reading cache file:" (new Error("", "(unknown module)"))
1598322385829	Marionette	INFO	Listening on port 59695
1598322385912	Marionette	WARN	TLS certificate errors will be ignored for this session
1598322434042	geckodriver	INFO	Listening on 127.0.0.1:62073
1598322435056	mozrunner::runner	INFO	Running command: "/Applications/Firefox.app/Contents/MacOS/firefox-bin" "--marionette" "-foreground" "-no-remote" "-profile" "/var/folders/1t/bb2drqkd5qng63n6xbv7zyhc0000gn/T/rust_mozprofileg3mUhS"
console.error: SearchCache: "_readCacheFile: Error reading cache file:" (new Error("", "(unknown module)"))
1598322437289	Marionette	INFO	Listening on port 62125
1598322437358	Marionette	WARN	TLS certificate errors will be ignored for this session
Exiting due to channel error.
Exiting due to channel error.
[GFX1-]: Receive IPC close with reason=AbnormalShutdown
Exiting due to channel error.
Exiting due to channel error.
Exiting due to channel error.
[GFX1-]: Receive IPC close with reason=AbnormalShutdown
Exiting due to channel error.
[GFX1-]: Receive IPC close with reason=AbnormalShutdown
Exiting due to channel error.
1598322475559	geckodriver	INFO	Listening on 127.0.0.1:64049
1598322476572	mozrunner::runner	INFO	Running command: "/Applications/Firefox.app/Contents/MacOS/firefox-bin" "--marionette" "-foreground" "-no-remote" "-profile" "/var/folders/1t/bb2drqkd5qng63n6xbv7zyhc0000gn/T/rust_mozprofileoLIalG"
console.error: SearchCache: "_readCacheFile: Error reading cache file:" (new Error("", "(unknown module)"))
1598322478708	Marionette	INFO	Listening on port 64106
1598322478752	Marionette	WARN	TLS certificate errors will be ignored for this session

###!!! [Parent][RunMessage] Error: Channel closing: too late to send/recv, messages will be lost

Exiting due to channel error.
[GFX1-]: Receive IPC close with reason=AbnormalShutdown
[GFX1-]: Receive IPC close with reason=AbnormalShutdown
Exiting due to channel error.
Exiting due to channel error.
1598322920050	geckodriver	INFO	Listening on 127.0.0.1:51899
1598322921062	mozrunner::runner	INFO	Running command: "/Applications/Firefox.app/Contents/MacOS/firefox-bin" "--marionette" "-foreground" "-no-remote" "-profile" "/var/folders/1t/bb2drqkd5qng63n6xbv7zyhc0000gn/T/rust_mozprofileOykaW7"
console.error: SearchCache: "_readCacheFile: Error reading cache file:" (new Error("", "(unknown module)"))
1598322923179	Marionette	INFO	Listening on port 51954
1598322923222	Marionette	WARN	TLS certificate errors will be ignored for this session
JavaScript warning: https://www.google.cl/maps/dir/Domingo+Tocornal,+Puente+Alto,+Regi%C3%B3n+Metropolitana/Hospital+Dr.+S%C3%B3tero+del+R%C3%ADo+-+Av.+Concha+Y+Toro+3459,+Puente+Alto,+Regi%C3%B3n+Metropolitana/@-33.5907463,-70.5937527,15z/am=t/data=!4m14!4m13!1m5!1m1!1s0x9662d7012d99ff11:0x5c560960309bbd21!2m2!1d-70.5800074!2d-33.6032038!1m5!1m1!1s0x9662d725b4a98067:0x62a60b0a60a05f60!2m2!1d-70.5814083!2d-33.5774536!3e0 line 1458 > injectedScript, line 5470: WebGL warning: texSubImage: Texture has not been initialized prior to a partial upload, forcing the browser to clear it. This may be slow.
JavaScript warning: https://www.google.cl/maps/dir/Domingo+Tocornal,+Puente+Alto,+Regi%C3%B3n+Metropolitana/Hospital+Dr.+S%C3%B3tero+del+R%C3%ADo+-+Av.+Concha+Y+Toro+3459,+Puente+Alto,+Regi%C3%B3n+Metropolitana/@-33.5907463,-70.5937527,15z/am=t/data=!4m14!4m13!1m5!1m1!1s0x9662d7012d99ff11:0x5c560960309bbd21!2m2!1d-70.5800074!2d-33.6032038!1m5!1m1!1s0x9662d725b4a98067:0x62a60b0a60a05f60!2m2!1d-70.5814083!2d-33.5774536!3e0 line 1458 > injectedScript, line 5470: WebGL warning: texSubImage: Tex image TEXTURE_2D level 0 is incurring lazy initialization.
JavaScript warning: https://www.google.cl/maps/dir/Domingo+Tocornal,+Puente+Alto,+Regi%C3%B3n+Metropolitana/Hospital+Dr.+S%C3%B3tero+del+R%C3%ADo+-+Av.+Concha+Y+Toro+3459,+Puente+Alto,+Regi%C3%B3n+Metropolitana/@-33.5907463,-70.5937527,15z/am=t/data=!4m14!4m13!1m5!1m1!1s0x9662d7012d99ff11:0x5c560960309bbd21!2m2!1d-70.5800074!2d-33.6032038!1m5!1m1!1s0x9662d725b4a98067:0x62a60b0a60a05f60!2m2!1d-70.5814083!2d-33.5774536!3e0 line 1458 > injectedScript, line 5470: WebGL warning: texSubImage: Texture has not been initialized prior to a partial upload, forcing the browser to clear it. This may be slow.
JavaScript warning: https://www.google.cl/maps/dir/Domingo+Tocornal,+Puente+Alto,+Regi%C3%B3n+Metropolitana/Hospital+Dr.+S%C3%B3tero+del+R%C3%ADo+-+Av.+Concha+Y+Toro+3459,+Puente+Alto,+Regi%C3%B3n+Metropolitana/@-33.5907463,-70.5937527,15z/am=t/data=!4m14!4m13!1m5!1m1!1s0x9662d7012d99ff11:0x5c560960309bbd21!2m2!1d-70.5800074!2d-33.6032038!1m5!1m1!1s0x9662d725b4a98067:0x62a60b0a60a05f60!2m2!1d-70.5814083!2d-33.5774536!3e0 line 1458 > injectedScript, line 5470: WebGL warning: texSubImage: Tex image TEXTURE_2D level 0 is incurring lazy initialization.
JavaScript warning: https://www.google.cl/maps/dir/Domingo+Tocornal,+Puente+Alto,+Regi%C3%B3n+Metropolitana/Hospital+Dr.+S%C3%B3tero+del+R%C3%ADo+-+Av.+Concha+Y+Toro+3459,+Puente+Alto,+Regi%C3%B3n+Metropolitana/@-33.5907463,-70.5937527,15z/am=t/data=!4m14!4m13!1m5!1m1!1s0x9662d7012d99ff11:0x5c560960309bbd21!2m2!1d-70.5800074!2d-33.6032038!1m5!1m1!1s0x9662d725b4a98067:0x62a60b0a60a05f60!2m2!1d-70.5814083!2d-33.5774536!3e0 line 1458 > injectedScript, line 5470: WebGL warning: texSubImage: Texture has not been initialized prior to a partial upload, forcing the browser to clear it. This may be slow.
JavaScript warning: https://www.google.cl/maps/dir/Domingo+Tocornal,+Puente+Alto,+Regi%C3%B3n+Metropolitana/Hospital+Dr.+S%C3%B3tero+del+R%C3%ADo+-+Av.+Concha+Y+Toro+3459,+Puente+Alto,+Regi%C3%B3n+Metropolitana/@-33.5907463,-70.5937527,15z/am=t/data=!4m14!4m13!1m5!1m1!1s0x9662d7012d99ff11:0x5c560960309bbd21!2m2!1d-70.5800074!2d-33.6032038!1m5!1m1!1s0x9662d725b4a98067:0x62a60b0a60a05f60!2m2!1d-70.5814083!2d-33.5774536!3e0 line 1458 > injectedScript, line 5470: WebGL warning: texSubImage: Tex image TEXTURE_2D level 0 is incurring lazy initialization.
JavaScript warning: https://www.google.cl/maps/dir/Domingo+Tocornal,+Puente+Alto,+Regi%C3%B3n+Metropolitana/Hospital+Dr.+S%C3%B3tero+del+R%C3%ADo+-+Av.+Concha+Y+Toro+3459,+Puente+Alto,+Regi%C3%B3n+Metropolitana/@-33.5907463,-70.5937527,15z/am=t/data=!4m14!4m13!1m5!1m1!1s0x9662d7012d99ff11:0x5c560960309bbd21!2m2!1d-70.5800074!2d-33.6032038!1m5!1m1!1s0x9662d725b4a98067:0x62a60b0a60a05f60!2m2!1d-70.5814083!2d-33.5774536!3e0 line 1458 > injectedScript, line 5470: WebGL warning: texSubImage: Texture has not been initialized prior to a partial upload, forcing the browser to clear it. This may be slow.
JavaScript warning: https://www.google.cl/maps/dir/Domingo+Tocornal,+Puente+Alto,+Regi%C3%B3n+Metropolitana/Hospital+Dr.+S%C3%B3tero+del+R%C3%ADo+-+Av.+Concha+Y+Toro+3459,+Puente+Alto,+Regi%C3%B3n+Metropolitana/@-33.5907463,-70.5937527,15z/am=t/data=!4m14!4m13!1m5!1m1!1s0x9662d7012d99ff11:0x5c560960309bbd21!2m2!1d-70.5800074!2d-33.6032038!1m5!1m1!1s0x9662d725b4a98067:0x62a60b0a60a05f60!2m2!1d-70.5814083!2d-33.5774536!3e0 line 1458 > injectedScript, line 5470: WebGL warning: texSubImage: Tex image TEXTURE_2D level 0 is incurring lazy initialization.
JavaScript warning: https://www.google.cl/maps/dir/Domingo+Tocornal,+Puente+Alto,+Regi%C3%B3n+Metropolitana/Hospital+Dr.+S%C3%B3tero+del+R%C3%ADo+-+Av.+Concha+Y+Toro+3459,+Puente+Alto,+Regi%C3%B3n+Metropolitana/@-33.5907463,-70.5937527,15z/am=t/data=!4m14!4m13!1m5!1m1!1s0x9662d7012d99ff11:0x5c560960309bbd21!2m2!1d-70.5800074!2d-33.6032038!1m5!1m1!1s0x9662d725b4a98067:0x62a60b0a60a05f60!2m2!1d-70.5814083!2d-33.5774536!3e0 line 1458 > injectedScript, line 5470: WebGL warning: texSubImage: Texture has not been initialized prior to a partial upload, forcing the browser to clear it. This may be slow.
JavaScript warning: https://www.google.cl/maps/dir/Domingo+Tocornal,+Puente+Alto,+Regi%C3%B3n+Metropolitana/Hospital+Dr.+S%C3%B3tero+del+R%C3%ADo+-+Av.+Concha+Y+Toro+3459,+Puente+Alto,+Regi%C3%B3n+Metropolitana/@-33.5907463,-70.5937527,15z/am=t/data=!4m14!4m13!1m5!1m1!1s0x9662d7012d99ff11:0x5c560960309bbd21!2m2!1d-70.5800074!2d-33.6032038!1m5!1m1!1s0x9662d725b4a98067:0x62a60b0a60a05f60!2m2!1d-70.5814083!2d-33.5774536!3e0 line 1458 > injectedScript, line 5470: WebGL warning: texSubImage: Tex image TEXTURE_2D level 0 is incurring lazy initialization.
JavaScript warning: https://www.google.cl/maps/dir/Domingo+Tocornal,+Puente+Alto,+Regi%C3%B3n+Metropolitana/Hospital+Dr.+S%C3%B3tero+del+R%C3%ADo+-+Av.+Concha+Y+Toro+3459,+Puente+Alto,+Regi%C3%B3n+Metropolitana/@-33.5907463,-70.5937527,15z/am=t/data=!4m14!4m13!1m5!1m1!1s0x9662d7012d99ff11:0x5c560960309bbd21!2m2!1d-70.5800074!2d-33.6032038!1m5!1m1!1s0x9662d725b4a98067:0x62a60b0a60a05f60!2m2!1d-70.5814083!2d-33.5774536!3e0 line 1458 > injectedScript, line 5470: WebGL warning: texSubImage: Texture has not been initialized prior to a partial upload, forcing the browser to clear it. This may be slow.
JavaScript warning: https://www.google.cl/maps/dir/Domingo+Tocornal,+Puente+Alto,+Regi%C3%B3n+Metropolitana/Hospital+Dr.+S%C3%B3tero+del+R%C3%ADo+-+Av.+Concha+Y+Toro+3459,+Puente+Alto,+Regi%C3%B3n+Metropolitana/@-33.5907463,-70.5937527,15z/am=t/data=!4m14!4m13!1m5!1m1!1s0x9662d7012d99ff11:0x5c560960309bbd21!2m2!1d-70.5800074!2d-33.6032038!1m5!1m1!1s0x9662d725b4a98067:0x62a60b0a60a05f60!2m2!1d-70.5814083!2d-33.5774536!3e0 line 1458 > injectedScript, line 5470: WebGL warning: texSubImage: Tex image TEXTURE_2D level 0 is incurring lazy initialization.
Exiting due to channel error.
[GFX1-]: Receive IPC close with reason=AbnormalShutdown
Exiting due to channel error.
[GFX1-]: Receive IPC close with reason=AbnormalShutdown
Exiting due to channel error.
1598323565481	geckodriver	INFO	Listening on 127.0.0.1:65284
1598323566479	mozrunner::runner	INFO	Running command: "/Applications/Firefox.app/Contents/MacOS/firefox-bin" "--marionette" "-foreground" "-no-remote" "-profile" "/var/folders/1t/bb2drqkd5qng63n6xbv7zyhc0000gn/T/rust_mozprofileSfauDY"
console.error: SearchCache: "_readCacheFile: Error reading cache file:" (new Error("", "(unknown module)"))
1598323568778	Marionette	INFO	Listening on port 65343
1598323568871	Marionette	WARN	TLS certificate errors will be ignored for this session
JavaScript warning: https://www.google.cl/maps/dir/Domingo+Tocornal,+Puente+Alto,+Regi%C3%B3n+Metropolitana/Hospital+Dr.+S%C3%B3tero+del+R%C3%ADo+-+Av.+Concha+Y+Toro+3459,+Puente+Alto,+Regi%C3%B3n+Metropolitana/@-33.5907463,-70.5937527,15z/am=t/data=!4m14!4m13!1m5!1m1!1s0x9662d7012d99ff11:0x5c560960309bbd21!2m2!1d-70.5800074!2d-33.6032038!1m5!1m1!1s0x9662d725b4a98067:0x62a60b0a60a05f60!2m2!1d-70.5814083!2d-33.5774536!3e0 line 1458 > injectedScript, line 5470: WebGL warning: texSubImage: Texture has not been initialized prior to a partial upload, forcing the browser to clear it. This may be slow.
JavaScript warning: https://www.google.cl/maps/dir/Domingo+Tocornal,+Puente+Alto,+Regi%C3%B3n+Metropolitana/Hospital+Dr.+S%C3%B3tero+del+R%C3%ADo+-+Av.+Concha+Y+Toro+3459,+Puente+Alto,+Regi%C3%B3n+Metropolitana/@-33.5907463,-70.5937527,15z/am=t/data=!4m14!4m13!1m5!1m1!1s0x9662d7012d99ff11:0x5c560960309bbd21!2m2!1d-70.5800074!2d-33.6032038!1m5!1m1!1s0x9662d725b4a98067:0x62a60b0a60a05f60!2m2!1d-70.5814083!2d-33.5774536!3e0 line 1458 > injectedScript, line 5470: WebGL warning: texSubImage: Tex image TEXTURE_2D level 0 is incurring lazy initialization.
JavaScript warning: https://www.google.cl/maps/dir/Domingo+Tocornal,+Puente+Alto,+Regi%C3%B3n+Metropolitana/Hospital+Dr.+S%C3%B3tero+del+R%C3%ADo+-+Av.+Concha+Y+Toro+3459,+Puente+Alto,+Regi%C3%B3n+Metropolitana/@-33.5907463,-70.5937527,15z/am=t/data=!4m14!4m13!1m5!1m1!1s0x9662d7012d99ff11:0x5c560960309bbd21!2m2!1d-70.5800074!2d-33.6032038!1m5!1m1!1s0x9662d725b4a98067:0x62a60b0a60a05f60!2m2!1d-70.5814083!2d-33.5774536!3e0 line 1458 > injectedScript, line 5470: WebGL warning: texSubImage: Texture has not been initialized prior to a partial upload, forcing the browser to clear it. This may be slow.
JavaScript warning: https://www.google.cl/maps/dir/Domingo+Tocornal,+Puente+Alto,+Regi%C3%B3n+Metropolitana/Hospital+Dr.+S%C3%B3tero+del+R%C3%ADo+-+Av.+Concha+Y+Toro+3459,+Puente+Alto,+Regi%C3%B3n+Metropolitana/@-33.5907463,-70.5937527,15z/am=t/data=!4m14!4m13!1m5!1m1!1s0x9662d7012d99ff11:0x5c560960309bbd21!2m2!1d-70.5800074!2d-33.6032038!1m5!1m1!1s0x9662d725b4a98067:0x62a60b0a60a05f60!2m2!1d-70.5814083!2d-33.5774536!3e0 line 1458 > injectedScript, line 5470: WebGL warning: texSubImage: Tex image TEXTURE_2D level 0 is incurring lazy initialization.
JavaScript warning: https://www.google.cl/maps/dir/Domingo+Tocornal,+Puente+Alto,+Regi%C3%B3n+Metropolitana/Hospital+Dr.+S%C3%B3tero+del+R%C3%ADo+-+Av.+Concha+Y+Toro+3459,+Puente+Alto,+Regi%C3%B3n+Metropolitana/@-33.5907463,-70.5937527,15z/am=t/data=!4m14!4m13!1m5!1m1!1s0x9662d7012d99ff11:0x5c560960309bbd21!2m2!1d-70.5800074!2d-33.6032038!1m5!1m1!1s0x9662d725b4a98067:0x62a60b0a60a05f60!2m2!1d-70.5814083!2d-33.5774536!3e0 line 1458 > injectedScript, line 5470: WebGL warning: texSubImage: Texture has not been initialized prior to a partial upload, forcing the browser to clear it. This may be slow.
JavaScript warning: https://www.google.cl/maps/dir/Domingo+Tocornal,+Puente+Alto,+Regi%C3%B3n+Metropolitana/Hospital+Dr.+S%C3%B3tero+del+R%C3%ADo+-+Av.+Concha+Y+Toro+3459,+Puente+Alto,+Regi%C3%B3n+Metropolitana/@-33.5907463,-70.5937527,15z/am=t/data=!4m14!4m13!1m5!1m1!1s0x9662d7012d99ff11:0x5c560960309bbd21!2m2!1d-70.5800074!2d-33.6032038!1m5!1m1!1s0x9662d725b4a98067:0x62a60b0a60a05f60!2m2!1d-70.5814083!2d-33.5774536!3e0 line 1458 > injectedScript, line 5470: WebGL warning: texSubImage: Tex image TEXTURE_2D level 0 is incurring lazy initialization.
JavaScript warning: https://www.google.cl/maps/dir/Domingo+Tocornal,+Puente+Alto,+Regi%C3%B3n+Metropolitana/Hospital+Dr.+S%C3%B3tero+del+R%C3%ADo+-+Av.+Concha+Y+Toro+3459,+Puente+Alto,+Regi%C3%B3n+Metropolitana/@-33.5907463,-70.5937527,15z/am=t/data=!4m14!4m13!1m5!1m1!1s0x9662d7012d99ff11:0x5c560960309bbd21!2m2!1d-70.5800074!2d-33.6032038!1m5!1m1!1s0x9662d725b4a98067:0x62a60b0a60a05f60!2m2!1d-70.5814083!2d-33.5774536!3e0 line 1458 > injectedScript, line 5470: WebGL warning: texSubImage: Texture has not been initialized prior to a partial upload, forcing the browser to clear it. This may be slow.
JavaScript warning: https://www.google.cl/maps/dir/Domingo+Tocornal,+Puente+Alto,+Regi%C3%B3n+Metropolitana/Hospital+Dr.+S%C3%B3tero+del+R%C3%ADo+-+Av.+Concha+Y+Toro+3459,+Puente+Alto,+Regi%C3%B3n+Metropolitana/@-33.5907463,-70.5937527,15z/am=t/data=!4m14!4m13!1m5!1m1!1s0x9662d7012d99ff11:0x5c560960309bbd21!2m2!1d-70.5800074!2d-33.6032038!1m5!1m1!1s0x9662d725b4a98067:0x62a60b0a60a05f60!2m2!1d-70.5814083!2d-33.5774536!3e0 line 1458 > injectedScript, line 5470: WebGL warning: texSubImage: Tex image TEXTURE_2D level 0 is incurring lazy initialization.
JavaScript warning: https://www.google.cl/maps/dir/Domingo+Tocornal,+Puente+Alto,+Regi%C3%B3n+Metropolitana/Hospital+Dr.+S%C3%B3tero+del+R%C3%ADo+-+Av.+Concha+Y+Toro+3459,+Puente+Alto,+Regi%C3%B3n+Metropolitana/@-33.5907463,-70.5937527,15z/am=t/data=!4m14!4m13!1m5!1m1!1s0x9662d7012d99ff11:0x5c560960309bbd21!2m2!1d-70.5800074!2d-33.6032038!1m5!1m1!1s0x9662d725b4a98067:0x62a60b0a60a05f60!2m2!1d-70.5814083!2d-33.5774536!3e0 line 1458 > injectedScript, line 5470: WebGL warning: texSubImage: Texture has not been initialized prior to a partial upload, forcing the browser to clear it. This may be slow.
JavaScript warning: https://www.google.cl/maps/dir/Domingo+Tocornal,+Puente+Alto,+Regi%C3%B3n+Metropolitana/Hospital+Dr.+S%C3%B3tero+del+R%C3%ADo+-+Av.+Concha+Y+Toro+3459,+Puente+Alto,+Regi%C3%B3n+Metropolitana/@-33.5907463,-70.5937527,15z/am=t/data=!4m14!4m13!1m5!1m1!1s0x9662d7012d99ff11:0x5c560960309bbd21!2m2!1d-70.5800074!2d-33.6032038!1m5!1m1!1s0x9662d725b4a98067:0x62a60b0a60a05f60!2m2!1d-70.5814083!2d-33.5774536!3e0 line 1458 > injectedScript, line 5470: WebGL warning: texSubImage: Tex image TEXTURE_2D level 0 is incurring lazy initialization.
JavaScript warning: https://www.google.cl/maps/dir/Domingo+Tocornal,+Puente+Alto,+Regi%C3%B3n+Metropolitana/Hospital+Dr.+S%C3%B3tero+del+R%C3%ADo+-+Av.+Concha+Y+Toro+3459,+Puente+Alto,+Regi%C3%B3n+Metropolitana/@-33.5907463,-70.5937527,15z/am=t/data=!4m14!4m13!1m5!1m1!1s0x9662d7012d99ff11:0x5c560960309bbd21!2m2!1d-70.5800074!2d-33.6032038!1m5!1m1!1s0x9662d725b4a98067:0x62a60b0a60a05f60!2m2!1d-70.5814083!2d-33.5774536!3e0 line 1458 > injectedScript, line 5470: WebGL warning: texSubImage: Texture has not been initialized prior to a partial upload, forcing the browser to clear it. This may be slow.
JavaScript warning: https://www.google.cl/maps/dir/Domingo+Tocornal,+Puente+Alto,+Regi%C3%B3n+Metropolitana/Hospital+Dr.+S%C3%B3tero+del+R%C3%ADo+-+Av.+Concha+Y+Toro+3459,+Puente+Alto,+Regi%C3%B3n+Metropolitana/@-33.5907463,-70.5937527,15z/am=t/data=!4m14!4m13!1m5!1m1!1s0x9662d7012d99ff11:0x5c560960309bbd21!2m2!1d-70.5800074!2d-33.6032038!1m5!1m1!1s0x9662d725b4a98067:0x62a60b0a60a05f60!2m2!1d-70.5814083!2d-33.5774536!3e0 line 1458 > injectedScript, line 5470: WebGL warning: texSubImage: Tex image TEXTURE_2D level 0 is incurring lazy initialization.
1598323634068	geckodriver	INFO	Listening on 127.0.0.1:52144
1598323635077	mozrunner::runner	INFO	Running command: "/Applications/Firefox.app/Contents/MacOS/firefox-bin" "--marionette" "-foreground" "-no-remote" "-profile" "/var/folders/1t/bb2drqkd5qng63n6xbv7zyhc0000gn/T/rust_mozprofilel9GOsc"
console.error: SearchCache: "_readCacheFile: Error reading cache file:" (new Error("", "(unknown module)"))
1598323637380	Marionette	INFO	Listening on port 52201
1598323637463	Marionette	WARN	TLS certificate errors will be ignored for this session
JavaScript warning: https://www.google.cl/maps/dir/Domingo+Tocornal,+Puente+Alto,+Regi%C3%B3n+Metropolitana/Hospital+Dr.+S%C3%B3tero+del+R%C3%ADo+-+Av.+Concha+Y+Toro+3459,+Puente+Alto,+Regi%C3%B3n+Metropolitana/@-33.5907463,-70.5937527,15z/am=t/data=!4m14!4m13!1m5!1m1!1s0x9662d7012d99ff11:0x5c560960309bbd21!2m2!1d-70.5800074!2d-33.6032038!1m5!1m1!1s0x9662d725b4a98067:0x62a60b0a60a05f60!2m2!1d-70.5814083!2d-33.5774536!3e0 line 1458 > injectedScript, line 5470: WebGL warning: texSubImage: Texture has not been initialized prior to a partial upload, forcing the browser to clear it. This may be slow.
JavaScript warning: https://www.google.cl/maps/dir/Domingo+Tocornal,+Puente+Alto,+Regi%C3%B3n+Metropolitana/Hospital+Dr.+S%C3%B3tero+del+R%C3%ADo+-+Av.+Concha+Y+Toro+3459,+Puente+Alto,+Regi%C3%B3n+Metropolitana/@-33.5907463,-70.5937527,15z/am=t/data=!4m14!4m13!1m5!1m1!1s0x9662d7012d99ff11:0x5c560960309bbd21!2m2!1d-70.5800074!2d-33.6032038!1m5!1m1!1s0x9662d725b4a98067:0x62a60b0a60a05f60!2m2!1d-70.5814083!2d-33.5774536!3e0 line 1458 > injectedScript, line 5470: WebGL warning: texSubImage: Tex image TEXTURE_2D level 0 is incurring lazy initialization.
JavaScript warning: https://www.google.cl/maps/dir/Domingo+Tocornal,+Puente+Alto,+Regi%C3%B3n+Metropolitana/Hospital+Dr.+S%C3%B3tero+del+R%C3%ADo+-+Av.+Concha+Y+Toro+3459,+Puente+Alto,+Regi%C3%B3n+Metropolitana/@-33.5907463,-70.5937527,15z/am=t/data=!4m14!4m13!1m5!1m1!1s0x9662d7012d99ff11:0x5c560960309bbd21!2m2!1d-70.5800074!2d-33.6032038!1m5!1m1!1s0x9662d725b4a98067:0x62a60b0a60a05f60!2m2!1d-70.5814083!2d-33.5774536!3e0 line 1458 > injectedScript, line 5470: WebGL warning: texSubImage: Texture has not been initialized prior to a partial upload, forcing the browser to clear it. This may be slow.
JavaScript warning: https://www.google.cl/maps/dir/Domingo+Tocornal,+Puente+Alto,+Regi%C3%B3n+Metropolitana/Hospital+Dr.+S%C3%B3tero+del+R%C3%ADo+-+Av.+Concha+Y+Toro+3459,+Puente+Alto,+Regi%C3%B3n+Metropolitana/@-33.5907463,-70.5937527,15z/am=t/data=!4m14!4m13!1m5!1m1!1s0x9662d7012d99ff11:0x5c560960309bbd21!2m2!1d-70.5800074!2d-33.6032038!1m5!1m1!1s0x9662d725b4a98067:0x62a60b0a60a05f60!2m2!1d-70.5814083!2d-33.5774536!3e0 line 1458 > injectedScript, line 5470: WebGL warning: texSubImage: Tex image TEXTURE_2D level 0 is incurring lazy initialization.
JavaScript warning: https://www.google.cl/maps/dir/Domingo+Tocornal,+Puente+Alto,+Regi%C3%B3n+Metropolitana/Hospital+Dr.+S%C3%B3tero+del+R%C3%ADo+-+Av.+Concha+Y+Toro+3459,+Puente+Alto,+Regi%C3%B3n+Metropolitana/@-33.5907463,-70.5937527,15z/am=t/data=!4m14!4m13!1m5!1m1!1s0x9662d7012d99ff11:0x5c560960309bbd21!2m2!1d-70.5800074!2d-33.6032038!1m5!1m1!1s0x9662d725b4a98067:0x62a60b0a60a05f60!2m2!1d-70.5814083!2d-33.5774536!3e0 line 1458 > injectedScript, line 5470: WebGL warning: texSubImage: Texture has not been initialized prior to a partial upload, forcing the browser to clear it. This may be slow.
JavaScript warning: https://www.google.cl/maps/dir/Domingo+Tocornal,+Puente+Alto,+Regi%C3%B3n+Metropolitana/Hospital+Dr.+S%C3%B3tero+del+R%C3%ADo+-+Av.+Concha+Y+Toro+3459,+Puente+Alto,+Regi%C3%B3n+Metropolitana/@-33.5907463,-70.5937527,15z/am=t/data=!4m14!4m13!1m5!1m1!1s0x9662d7012d99ff11:0x5c560960309bbd21!2m2!1d-70.5800074!2d-33.6032038!1m5!1m1!1s0x9662d725b4a98067:0x62a60b0a60a05f60!2m2!1d-70.5814083!2d-33.5774536!3e0 line 1458 > injectedScript, line 5470: WebGL warning: texSubImage: Tex image TEXTURE_2D level 0 is incurring lazy initialization.
JavaScript warning: https://www.google.cl/maps/dir/Domingo+Tocornal,+Puente+Alto,+Regi%C3%B3n+Metropolitana/Hospital+Dr.+S%C3%B3tero+del+R%C3%ADo+-+Av.+Concha+Y+Toro+3459,+Puente+Alto,+Regi%C3%B3n+Metropolitana/@-33.5907463,-70.5937527,15z/am=t/data=!4m14!4m13!1m5!1m1!1s0x9662d7012d99ff11:0x5c560960309bbd21!2m2!1d-70.5800074!2d-33.6032038!1m5!1m1!1s0x9662d725b4a98067:0x62a60b0a60a05f60!2m2!1d-70.5814083!2d-33.5774536!3e0 line 1458 > injectedScript, line 5470: WebGL warning: texSubImage: Texture has not been initialized prior to a partial upload, forcing the browser to clear it. This may be slow.
JavaScript warning: https://www.google.cl/maps/dir/Domingo+Tocornal,+Puente+Alto,+Regi%C3%B3n+Metropolitana/Hospital+Dr.+S%C3%B3tero+del+R%C3%ADo+-+Av.+Concha+Y+Toro+3459,+Puente+Alto,+Regi%C3%B3n+Metropolitana/@-33.5907463,-70.5937527,15z/am=t/data=!4m14!4m13!1m5!1m1!1s0x9662d7012d99ff11:0x5c560960309bbd21!2m2!1d-70.5800074!2d-33.6032038!1m5!1m1!1s0x9662d725b4a98067:0x62a60b0a60a05f60!2m2!1d-70.5814083!2d-33.5774536!3e0 line 1458 > injectedScript, line 5470: WebGL warning: texSubImage: Tex image TEXTURE_2D level 0 is incurring lazy initialization.
JavaScript warning: https://www.google.cl/maps/dir/Domingo+Tocornal,+Puente+Alto,+Regi%C3%B3n+Metropolitana/Hospital+Dr.+S%C3%B3tero+del+R%C3%ADo+-+Av.+Concha+Y+Toro+3459,+Puente+Alto,+Regi%C3%B3n+Metropolitana/@-33.5907463,-70.5937527,15z/am=t/data=!4m14!4m13!1m5!1m1!1s0x9662d7012d99ff11:0x5c560960309bbd21!2m2!1d-70.5800074!2d-33.6032038!1m5!1m1!1s0x9662d725b4a98067:0x62a60b0a60a05f60!2m2!1d-70.5814083!2d-33.5774536!3e0 line 1458 > injectedScript, line 5470: WebGL warning: texSubImage: Texture has not been initialized prior to a partial upload, forcing the browser to clear it. This may be slow.
JavaScript warning: https://www.google.cl/maps/dir/Domingo+Tocornal,+Puente+Alto,+Regi%C3%B3n+Metropolitana/Hospital+Dr.+S%C3%B3tero+del+R%C3%ADo+-+Av.+Concha+Y+Toro+3459,+Puente+Alto,+Regi%C3%B3n+Metropolitana/@-33.5907463,-70.5937527,15z/am=t/data=!4m14!4m13!1m5!1m1!1s0x9662d7012d99ff11:0x5c560960309bbd21!2m2!1d-70.5800074!2d-33.6032038!1m5!1m1!1s0x9662d725b4a98067:0x62a60b0a60a05f60!2m2!1d-70.5814083!2d-33.5774536!3e0 line 1458 > injectedScript, line 5470: WebGL warning: texSubImage: Tex image TEXTURE_2D level 0 is incurring lazy initialization.
JavaScript warning: https://www.google.cl/maps/dir/Domingo+Tocornal,+Puente+Alto,+Regi%C3%B3n+Metropolitana/Hospital+Dr.+S%C3%B3tero+del+R%C3%ADo+-+Av.+Concha+Y+Toro+3459,+Puente+Alto,+Regi%C3%B3n+Metropolitana/@-33.5907463,-70.5937527,15z/am=t/data=!4m14!4m13!1m5!1m1!1s0x9662d7012d99ff11:0x5c560960309bbd21!2m2!1d-70.5800074!2d-33.6032038!1m5!1m1!1s0x9662d725b4a98067:0x62a60b0a60a05f60!2m2!1d-70.5814083!2d-33.5774536!3e0 line 1458 > injectedScript, line 5470: WebGL warning: texSubImage: Texture has not been initialized prior to a partial upload, forcing the browser to clear it. This may be slow.
JavaScript warning: https://www.google.cl/maps/dir/Domingo+Tocornal,+Puente+Alto,+Regi%C3%B3n+Metropolitana/Hospital+Dr.+S%C3%B3tero+del+R%C3%ADo+-+Av.+Concha+Y+Toro+3459,+Puente+Alto,+Regi%C3%B3n+Metropolitana/@-33.5907463,-70.5937527,15z/am=t/data=!4m14!4m13!1m5!1m1!1s0x9662d7012d99ff11:0x5c560960309bbd21!2m2!1d-70.5800074!2d-33.6032038!1m5!1m1!1s0x9662d725b4a98067:0x62a60b0a60a05f60!2m2!1d-70.5814083!2d-33.5774536!3e0 line 1458 > injectedScript, line 5470: WebGL warning: texSubImage: Tex image TEXTURE_2D level 0 is incurring lazy initialization.
[GFX1-]: Receive IPC close with reason=AbnormalShutdown
Exiting due to channel error.
[GFX1-]: Receive IPC close with reason=AbnormalShutdown
Exiting due to channel error.
Exiting due to channel error.
[GFX1-]: Receive IPC close with reason=AbnormalShutdown
Exiting due to channel error.
1598323715130	geckodriver	INFO	Listening on 127.0.0.1:55906
1598323716146	mozrunner::runner	INFO	Running command: "/Applications/Firefox.app/Contents/MacOS/firefox-bin" "--marionette" "-foreground" "-no-remote" "-profile" "/var/folders/1t/bb2drqkd5qng63n6xbv7zyhc0000gn/T/rust_mozprofilevt827v"
console.error: SearchCache: "_readCacheFile: Error reading cache file:" (new Error("", "(unknown module)"))
1598323718456	Marionette	INFO	Listening on port 55963
1598323718531	Marionette	WARN	TLS certificate errors will be ignored for this session
JavaScript warning: https://www.google.cl/maps/dir/Domingo+Tocornal,+Puente+Alto,+Regi%C3%B3n+Metropolitana/Hospital+Dr.+S%C3%B3tero+del+R%C3%ADo+-+Av.+Concha+Y+Toro+3459,+Puente+Alto,+Regi%C3%B3n+Metropolitana/@-33.5907463,-70.5937527,15z/am=t/data=!4m14!4m13!1m5!1m1!1s0x9662d7012d99ff11:0x5c560960309bbd21!2m2!1d-70.5800074!2d-33.6032038!1m5!1m1!1s0x9662d725b4a98067:0x62a60b0a60a05f60!2m2!1d-70.5814083!2d-33.5774536!3e0 line 1458 > injectedScript, line 5470: WebGL warning: texSubImage: Texture has not been initialized prior to a partial upload, forcing the browser to clear it. This may be slow.
JavaScript warning: https://www.google.cl/maps/dir/Domingo+Tocornal,+Puente+Alto,+Regi%C3%B3n+Metropolitana/Hospital+Dr.+S%C3%B3tero+del+R%C3%ADo+-+Av.+Concha+Y+Toro+3459,+Puente+Alto,+Regi%C3%B3n+Metropolitana/@-33.5907463,-70.5937527,15z/am=t/data=!4m14!4m13!1m5!1m1!1s0x9662d7012d99ff11:0x5c560960309bbd21!2m2!1d-70.5800074!2d-33.6032038!1m5!1m1!1s0x9662d725b4a98067:0x62a60b0a60a05f60!2m2!1d-70.5814083!2d-33.5774536!3e0 line 1458 > injectedScript, line 5470: WebGL warning: texSubImage: Tex image TEXTURE_2D level 0 is incurring lazy initialization.
JavaScript warning: https://www.google.cl/maps/dir/Domingo+Tocornal,+Puente+Alto,+Regi%C3%B3n+Metropolitana/Hospital+Dr.+S%C3%B3tero+del+R%C3%ADo+-+Av.+Concha+Y+Toro+3459,+Puente+Alto,+Regi%C3%B3n+Metropolitana/@-33.5907463,-70.5937527,15z/am=t/data=!4m14!4m13!1m5!1m1!1s0x9662d7012d99ff11:0x5c560960309bbd21!2m2!1d-70.5800074!2d-33.6032038!1m5!1m1!1s0x9662d725b4a98067:0x62a60b0a60a05f60!2m2!1d-70.5814083!2d-33.5774536!3e0 line 1458 > injectedScript, line 5470: WebGL warning: texSubImage: Texture has not been initialized prior to a partial upload, forcing the browser to clear it. This may be slow.
JavaScript warning: https://www.google.cl/maps/dir/Domingo+Tocornal,+Puente+Alto,+Regi%C3%B3n+Metropolitana/Hospital+Dr.+S%C3%B3tero+del+R%C3%ADo+-+Av.+Concha+Y+Toro+3459,+Puente+Alto,+Regi%C3%B3n+Metropolitana/@-33.5907463,-70.5937527,15z/am=t/data=!4m14!4m13!1m5!1m1!1s0x9662d7012d99ff11:0x5c560960309bbd21!2m2!1d-70.5800074!2d-33.6032038!1m5!1m1!1s0x9662d725b4a98067:0x62a60b0a60a05f60!2m2!1d-70.5814083!2d-33.5774536!3e0 line 1458 > injectedScript, line 5470: WebGL warning: texSubImage: Tex image TEXTURE_2D level 0 is incurring lazy initialization.
JavaScript warning: https://www.google.cl/maps/dir/Domingo+Tocornal,+Puente+Alto,+Regi%C3%B3n+Metropolitana/Hospital+Dr.+S%C3%B3tero+del+R%C3%ADo+-+Av.+Concha+Y+Toro+3459,+Puente+Alto,+Regi%C3%B3n+Metropolitana/@-33.5907463,-70.5937527,15z/am=t/data=!4m14!4m13!1m5!1m1!1s0x9662d7012d99ff11:0x5c560960309bbd21!2m2!1d-70.5800074!2d-33.6032038!1m5!1m1!1s0x9662d725b4a98067:0x62a60b0a60a05f60!2m2!1d-70.5814083!2d-33.5774536!3e0 line 1458 > injectedScript, line 5470: WebGL warning: texSubImage: Texture has not been initialized prior to a partial upload, forcing the browser to clear it. This may be slow.
JavaScript warning: https://www.google.cl/maps/dir/Domingo+Tocornal,+Puente+Alto,+Regi%C3%B3n+Metropolitana/Hospital+Dr.+S%C3%B3tero+del+R%C3%ADo+-+Av.+Concha+Y+Toro+3459,+Puente+Alto,+Regi%C3%B3n+Metropolitana/@-33.5907463,-70.5937527,15z/am=t/data=!4m14!4m13!1m5!1m1!1s0x9662d7012d99ff11:0x5c560960309bbd21!2m2!1d-70.5800074!2d-33.6032038!1m5!1m1!1s0x9662d725b4a98067:0x62a60b0a60a05f60!2m2!1d-70.5814083!2d-33.5774536!3e0 line 1458 > injectedScript, line 5470: WebGL warning: texSubImage: Tex image TEXTURE_2D level 0 is incurring lazy initialization.
JavaScript warning: https://www.google.cl/maps/dir/Domingo+Tocornal,+Puente+Alto,+Regi%C3%B3n+Metropolitana/Hospital+Dr.+S%C3%B3tero+del+R%C3%ADo+-+Av.+Concha+Y+Toro+3459,+Puente+Alto,+Regi%C3%B3n+Metropolitana/@-33.5907463,-70.5937527,15z/am=t/data=!4m14!4m13!1m5!1m1!1s0x9662d7012d99ff11:0x5c560960309bbd21!2m2!1d-70.5800074!2d-33.6032038!1m5!1m1!1s0x9662d725b4a98067:0x62a60b0a60a05f60!2m2!1d-70.5814083!2d-33.5774536!3e0 line 1458 > injectedScript, line 5470: WebGL warning: texSubImage: Texture has not been initialized prior to a partial upload, forcing the browser to clear it. This may be slow.
JavaScript warning: https://www.google.cl/maps/dir/Domingo+Tocornal,+Puente+Alto,+Regi%C3%B3n+Metropolitana/Hospital+Dr.+S%C3%B3tero+del+R%C3%ADo+-+Av.+Concha+Y+Toro+3459,+Puente+Alto,+Regi%C3%B3n+Metropolitana/@-33.5907463,-70.5937527,15z/am=t/data=!4m14!4m13!1m5!1m1!1s0x9662d7012d99ff11:0x5c560960309bbd21!2m2!1d-70.5800074!2d-33.6032038!1m5!1m1!1s0x9662d725b4a98067:0x62a60b0a60a05f60!2m2!1d-70.5814083!2d-33.5774536!3e0 line 1458 > injectedScript, line 5470: WebGL warning: texSubImage: Tex image TEXTURE_2D level 0 is incurring lazy initialization.
JavaScript warning: https://www.google.cl/maps/dir/Domingo+Tocornal,+Puente+Alto,+Regi%C3%B3n+Metropolitana/Hospital+Dr.+S%C3%B3tero+del+R%C3%ADo+-+Av.+Concha+Y+Toro+3459,+Puente+Alto,+Regi%C3%B3n+Metropolitana/@-33.5907463,-70.5937527,15z/am=t/data=!4m14!4m13!1m5!1m1!1s0x9662d7012d99ff11:0x5c560960309bbd21!2m2!1d-70.5800074!2d-33.6032038!1m5!1m1!1s0x9662d725b4a98067:0x62a60b0a60a05f60!2m2!1d-70.5814083!2d-33.5774536!3e0 line 1458 > injectedScript, line 5470: WebGL warning: texSubImage: Texture has not been initialized prior to a partial upload, forcing the browser to clear it. This may be slow.
JavaScript warning: https://www.google.cl/maps/dir/Domingo+Tocornal,+Puente+Alto,+Regi%C3%B3n+Metropolitana/Hospital+Dr.+S%C3%B3tero+del+R%C3%ADo+-+Av.+Concha+Y+Toro+3459,+Puente+Alto,+Regi%C3%B3n+Metropolitana/@-33.5907463,-70.5937527,15z/am=t/data=!4m14!4m13!1m5!1m1!1s0x9662d7012d99ff11:0x5c560960309bbd21!2m2!1d-70.5800074!2d-33.6032038!1m5!1m1!1s0x9662d725b4a98067:0x62a60b0a60a05f60!2m2!1d-70.5814083!2d-33.5774536!3e0 line 1458 > injectedScript, line 5470: WebGL warning: texSubImage: Tex image TEXTURE_2D level 0 is incurring lazy initialization.
JavaScript warning: https://www.google.cl/maps/dir/Domingo+Tocornal,+Puente+Alto,+Regi%C3%B3n+Metropolitana/Hospital+Dr.+S%C3%B3tero+del+R%C3%ADo+-+Av.+Concha+Y+Toro+3459,+Puente+Alto,+Regi%C3%B3n+Metropolitana/@-33.5907463,-70.5937527,15z/am=t/data=!4m14!4m13!1m5!1m1!1s0x9662d7012d99ff11:0x5c560960309bbd21!2m2!1d-70.5800074!2d-33.6032038!1m5!1m1!1s0x9662d725b4a98067:0x62a60b0a60a05f60!2m2!1d-70.5814083!2d-33.5774536!3e0 line 1458 > injectedScript, line 5470: WebGL warning: texSubImage: Texture has not been initialized prior to a partial upload, forcing the browser to clear it. This may be slow.
JavaScript warning: https://www.google.cl/maps/dir/Domingo+Tocornal,+Puente+Alto,+Regi%C3%B3n+Metropolitana/Hospital+Dr.+S%C3%B3tero+del+R%C3%ADo+-+Av.+Concha+Y+Toro+3459,+Puente+Alto,+Regi%C3%B3n+Metropolitana/@-33.5907463,-70.5937527,15z/am=t/data=!4m14!4m13!1m5!1m1!1s0x9662d7012d99ff11:0x5c560960309bbd21!2m2!1d-70.5800074!2d-33.6032038!1m5!1m1!1s0x9662d725b4a98067:0x62a60b0a60a05f60!2m2!1d-70.5814083!2d-33.5774536!3e0 line 1458 > injectedScript, line 5470: WebGL warning: texSubImage: Tex image TEXTURE_2D level 0 is incurring lazy initialization.
Exiting due to channel error.
[GFX1-]: Receive IPC close with reason=AbnormalShutdown
Exiting due to channel error.
Exiting due to channel error.
1598324509499	geckodriver	INFO	Listening on 127.0.0.1:59836
1598324510507	mozrunner::runner	INFO	Running command: "/Applications/Firefox.app/Contents/MacOS/firefox-bin" "--marionette" "-foreground" "-no-remote" "-profile" "/var/folders/1t/bb2drqkd5qng63n6xbv7zyhc0000gn/T/rust_mozprofileNNzYPM"
console.error: SearchCache: "_readCacheFile: Error reading cache file:" (new Error("", "(unknown module)"))
1598324513584	Marionette	INFO	Listening on port 59892
1598324513610	Marionette	WARN	TLS certificate errors will be ignored for this session
JavaScript warning: https://www.google.cl/maps/dir/Domingo+Tocornal,+Puente+Alto,+Regi%C3%B3n+Metropolitana/Hospital+Dr.+S%C3%B3tero+del+R%C3%ADo+-+Av.+Concha+Y+Toro+3459,+Puente+Alto,+Regi%C3%B3n+Metropolitana/@-33.5907463,-70.5937527,15z/am=t/data=!4m14!4m13!1m5!1m1!1s0x9662d7012d99ff11:0x5c560960309bbd21!2m2!1d-70.5800074!2d-33.6032038!1m5!1m1!1s0x9662d725b4a98067:0x62a60b0a60a05f60!2m2!1d-70.5814083!2d-33.5774536!3e0 line 1458 > injectedScript, line 5470: WebGL warning: texSubImage: Texture has not been initialized prior to a partial upload, forcing the browser to clear it. This may be slow.
JavaScript warning: https://www.google.cl/maps/dir/Domingo+Tocornal,+Puente+Alto,+Regi%C3%B3n+Metropolitana/Hospital+Dr.+S%C3%B3tero+del+R%C3%ADo+-+Av.+Concha+Y+Toro+3459,+Puente+Alto,+Regi%C3%B3n+Metropolitana/@-33.5907463,-70.5937527,15z/am=t/data=!4m14!4m13!1m5!1m1!1s0x9662d7012d99ff11:0x5c560960309bbd21!2m2!1d-70.5800074!2d-33.6032038!1m5!1m1!1s0x9662d725b4a98067:0x62a60b0a60a05f60!2m2!1d-70.5814083!2d-33.5774536!3e0 line 1458 > injectedScript, line 5470: WebGL warning: texSubImage: Tex image TEXTURE_2D level 0 is incurring lazy initialization.
JavaScript warning: https://www.google.cl/maps/dir/Domingo+Tocornal,+Puente+Alto,+Regi%C3%B3n+Metropolitana/Hospital+Dr.+S%C3%B3tero+del+R%C3%ADo+-+Av.+Concha+Y+Toro+3459,+Puente+Alto,+Regi%C3%B3n+Metropolitana/@-33.5907463,-70.5937527,15z/am=t/data=!4m14!4m13!1m5!1m1!1s0x9662d7012d99ff11:0x5c560960309bbd21!2m2!1d-70.5800074!2d-33.6032038!1m5!1m1!1s0x9662d725b4a98067:0x62a60b0a60a05f60!2m2!1d-70.5814083!2d-33.5774536!3e0 line 1458 > injectedScript, line 5470: WebGL warning: texSubImage: Texture has not been initialized prior to a partial upload, forcing the browser to clear it. This may be slow.
JavaScript warning: https://www.google.cl/maps/dir/Domingo+Tocornal,+Puente+Alto,+Regi%C3%B3n+Metropolitana/Hospital+Dr.+S%C3%B3tero+del+R%C3%ADo+-+Av.+Concha+Y+Toro+3459,+Puente+Alto,+Regi%C3%B3n+Metropolitana/@-33.5907463,-70.5937527,15z/am=t/data=!4m14!4m13!1m5!1m1!1s0x9662d7012d99ff11:0x5c560960309bbd21!2m2!1d-70.5800074!2d-33.6032038!1m5!1m1!1s0x9662d725b4a98067:0x62a60b0a60a05f60!2m2!1d-70.5814083!2d-33.5774536!3e0 line 1458 > injectedScript, line 5470: WebGL warning: texSubImage: Tex image TEXTURE_2D level 0 is incurring lazy initialization.
JavaScript warning: https://www.google.cl/maps/dir/Domingo+Tocornal,+Puente+Alto,+Regi%C3%B3n+Metropolitana/Hospital+Dr.+S%C3%B3tero+del+R%C3%ADo+-+Av.+Concha+Y+Toro+3459,+Puente+Alto,+Regi%C3%B3n+Metropolitana/@-33.5907463,-70.5937527,15z/am=t/data=!4m14!4m13!1m5!1m1!1s0x9662d7012d99ff11:0x5c560960309bbd21!2m2!1d-70.5800074!2d-33.6032038!1m5!1m1!1s0x9662d725b4a98067:0x62a60b0a60a05f60!2m2!1d-70.5814083!2d-33.5774536!3e0 line 1458 > injectedScript, line 5470: WebGL warning: texSubImage: Texture has not been initialized prior to a partial upload, forcing the browser to clear it. This may be slow.
JavaScript warning: https://www.google.cl/maps/dir/Domingo+Tocornal,+Puente+Alto,+Regi%C3%B3n+Metropolitana/Hospital+Dr.+S%C3%B3tero+del+R%C3%ADo+-+Av.+Concha+Y+Toro+3459,+Puente+Alto,+Regi%C3%B3n+Metropolitana/@-33.5907463,-70.5937527,15z/am=t/data=!4m14!4m13!1m5!1m1!1s0x9662d7012d99ff11:0x5c560960309bbd21!2m2!1d-70.5800074!2d-33.6032038!1m5!1m1!1s0x9662d725b4a98067:0x62a60b0a60a05f60!2m2!1d-70.5814083!2d-33.5774536!3e0 line 1458 > injectedScript, line 5470: WebGL warning: texSubImage: Tex image TEXTURE_2D level 0 is incurring lazy initialization.
JavaScript warning: https://www.google.cl/maps/dir/Domingo+Tocornal,+Puente+Alto,+Regi%C3%B3n+Metropolitana/Hospital+Dr.+S%C3%B3tero+del+R%C3%ADo+-+Av.+Concha+Y+Toro+3459,+Puente+Alto,+Regi%C3%B3n+Metropolitana/@-33.5907463,-70.5937527,15z/am=t/data=!4m14!4m13!1m5!1m1!1s0x9662d7012d99ff11:0x5c560960309bbd21!2m2!1d-70.5800074!2d-33.6032038!1m5!1m1!1s0x9662d725b4a98067:0x62a60b0a60a05f60!2m2!1d-70.5814083!2d-33.5774536!3e0 line 1458 > injectedScript, line 5470: WebGL warning: texSubImage: Texture has not been initialized prior to a partial upload, forcing the browser to clear it. This may be slow.
JavaScript warning: https://www.google.cl/maps/dir/Domingo+Tocornal,+Puente+Alto,+Regi%C3%B3n+Metropolitana/Hospital+Dr.+S%C3%B3tero+del+R%C3%ADo+-+Av.+Concha+Y+Toro+3459,+Puente+Alto,+Regi%C3%B3n+Metropolitana/@-33.5907463,-70.5937527,15z/am=t/data=!4m14!4m13!1m5!1m1!1s0x9662d7012d99ff11:0x5c560960309bbd21!2m2!1d-70.5800074!2d-33.6032038!1m5!1m1!1s0x9662d725b4a98067:0x62a60b0a60a05f60!2m2!1d-70.5814083!2d-33.5774536!3e0 line 1458 > injectedScript, line 5470: WebGL warning: texSubImage: Tex image TEXTURE_2D level 0 is incurring lazy initialization.
JavaScript warning: https://www.google.cl/maps/dir/Domingo+Tocornal,+Puente+Alto,+Regi%C3%B3n+Metropolitana/Hospital+Dr.+S%C3%B3tero+del+R%C3%ADo+-+Av.+Concha+Y+Toro+3459,+Puente+Alto,+Regi%C3%B3n+Metropolitana/@-33.5907463,-70.5937527,15z/am=t/data=!4m14!4m13!1m5!1m1!1s0x9662d7012d99ff11:0x5c560960309bbd21!2m2!1d-70.5800074!2d-33.6032038!1m5!1m1!1s0x9662d725b4a98067:0x62a60b0a60a05f60!2m2!1d-70.5814083!2d-33.5774536!3e0 line 1458 > injectedScript, line 5470: WebGL warning: texSubImage: Texture has not been initialized prior to a partial upload, forcing the browser to clear it. This may be slow.
JavaScript warning: https://www.google.cl/maps/dir/Domingo+Tocornal,+Puente+Alto,+Regi%C3%B3n+Metropolitana/Hospital+Dr.+S%C3%B3tero+del+R%C3%ADo+-+Av.+Concha+Y+Toro+3459,+Puente+Alto,+Regi%C3%B3n+Metropolitana/@-33.5907463,-70.5937527,15z/am=t/data=!4m14!4m13!1m5!1m1!1s0x9662d7012d99ff11:0x5c560960309bbd21!2m2!1d-70.5800074!2d-33.6032038!1m5!1m1!1s0x9662d725b4a98067:0x62a60b0a60a05f60!2m2!1d-70.5814083!2d-33.5774536!3e0 line 1458 > injectedScript, line 5470: WebGL warning: texSubImage: Tex image TEXTURE_2D level 0 is incurring lazy initialization.
JavaScript warning: https://www.google.cl/maps/dir/Domingo+Tocornal,+Puente+Alto,+Regi%C3%B3n+Metropolitana/Hospital+Dr.+S%C3%B3tero+del+R%C3%ADo+-+Av.+Concha+Y+Toro+3459,+Puente+Alto,+Regi%C3%B3n+Metropolitana/@-33.5907463,-70.5937527,15z/am=t/data=!4m14!4m13!1m5!1m1!1s0x9662d7012d99ff11:0x5c560960309bbd21!2m2!1d-70.5800074!2d-33.6032038!1m5!1m1!1s0x9662d725b4a98067:0x62a60b0a60a05f60!2m2!1d-70.5814083!2d-33.5774536!3e0 line 1458 > injectedScript, line 5470: WebGL warning: texSubImage: Texture has not been initialized prior to a partial upload, forcing the browser to clear it. This may be slow.
JavaScript warning: https://www.google.cl/maps/dir/Domingo+Tocornal,+Puente+Alto,+Regi%C3%B3n+Metropolitana/Hospital+Dr.+S%C3%B3tero+del+R%C3%ADo+-+Av.+Concha+Y+Toro+3459,+Puente+Alto,+Regi%C3%B3n+Metropolitana/@-33.5907463,-70.5937527,15z/am=t/data=!4m14!4m13!1m5!1m1!1s0x9662d7012d99ff11:0x5c560960309bbd21!2m2!1d-70.5800074!2d-33.6032038!1m5!1m1!1s0x9662d725b4a98067:0x62a60b0a60a05f60!2m2!1d-70.5814083!2d-33.5774536!3e0 line 1458 > injectedScript, line 5470: WebGL warning: texSubImage: Tex image TEXTURE_2D level 0 is incurring lazy initialization.
1598324584475	geckodriver	INFO	Listening on 127.0.0.1:63341
1598324585485	mozrunner::runner	INFO	Running command: "/Applications/Firefox.app/Contents/MacOS/firefox-bin" "--marionette" "-foreground" "-no-remote" "-profile" "/var/folders/1t/bb2drqkd5qng63n6xbv7zyhc0000gn/T/rust_mozprofileI0yHIM"
console.error: SearchCache: "_readCacheFile: Error reading cache file:" (new Error("", "(unknown module)"))
1598324587766	Marionette	INFO	Listening on port 63394
1598324587865	Marionette	WARN	TLS certificate errors will be ignored for this session
JavaScript warning: https://www.google.cl/maps/dir/Domingo+Tocornal,+Puente+Alto,+Regi%C3%B3n+Metropolitana/Hospital+Dr.+S%C3%B3tero+del+R%C3%ADo+-+Av.+Concha+Y+Toro+3459,+Puente+Alto,+Regi%C3%B3n+Metropolitana/@-33.5907463,-70.5937527,15z/am=t/data=!4m14!4m13!1m5!1m1!1s0x9662d7012d99ff11:0x5c560960309bbd21!2m2!1d-70.5800074!2d-33.6032038!1m5!1m1!1s0x9662d725b4a98067:0x62a60b0a60a05f60!2m2!1d-70.5814083!2d-33.5774536!3e0 line 1458 > injectedScript, line 5470: WebGL warning: texSubImage: Texture has not been initialized prior to a partial upload, forcing the browser to clear it. This may be slow.
JavaScript warning: https://www.google.cl/maps/dir/Domingo+Tocornal,+Puente+Alto,+Regi%C3%B3n+Metropolitana/Hospital+Dr.+S%C3%B3tero+del+R%C3%ADo+-+Av.+Concha+Y+Toro+3459,+Puente+Alto,+Regi%C3%B3n+Metropolitana/@-33.5907463,-70.5937527,15z/am=t/data=!4m14!4m13!1m5!1m1!1s0x9662d7012d99ff11:0x5c560960309bbd21!2m2!1d-70.5800074!2d-33.6032038!1m5!1m1!1s0x9662d725b4a98067:0x62a60b0a60a05f60!2m2!1d-70.5814083!2d-33.5774536!3e0 line 1458 > injectedScript, line 5470: WebGL warning: texSubImage: Tex image TEXTURE_2D level 0 is incurring lazy initialization.
JavaScript warning: https://www.google.cl/maps/dir/Domingo+Tocornal,+Puente+Alto,+Regi%C3%B3n+Metropolitana/Hospital+Dr.+S%C3%B3tero+del+R%C3%ADo+-+Av.+Concha+Y+Toro+3459,+Puente+Alto,+Regi%C3%B3n+Metropolitana/@-33.5907463,-70.5937527,15z/am=t/data=!4m14!4m13!1m5!1m1!1s0x9662d7012d99ff11:0x5c560960309bbd21!2m2!1d-70.5800074!2d-33.6032038!1m5!1m1!1s0x9662d725b4a98067:0x62a60b0a60a05f60!2m2!1d-70.5814083!2d-33.5774536!3e0 line 1458 > injectedScript, line 5470: WebGL warning: texSubImage: Texture has not been initialized prior to a partial upload, forcing the browser to clear it. This may be slow.
JavaScript warning: https://www.google.cl/maps/dir/Domingo+Tocornal,+Puente+Alto,+Regi%C3%B3n+Metropolitana/Hospital+Dr.+S%C3%B3tero+del+R%C3%ADo+-+Av.+Concha+Y+Toro+3459,+Puente+Alto,+Regi%C3%B3n+Metropolitana/@-33.5907463,-70.5937527,15z/am=t/data=!4m14!4m13!1m5!1m1!1s0x9662d7012d99ff11:0x5c560960309bbd21!2m2!1d-70.5800074!2d-33.6032038!1m5!1m1!1s0x9662d725b4a98067:0x62a60b0a60a05f60!2m2!1d-70.5814083!2d-33.5774536!3e0 line 1458 > injectedScript, line 5470: WebGL warning: texSubImage: Tex image TEXTURE_2D level 0 is incurring lazy initialization.
JavaScript warning: https://www.google.cl/maps/dir/Domingo+Tocornal,+Puente+Alto,+Regi%C3%B3n+Metropolitana/Hospital+Dr.+S%C3%B3tero+del+R%C3%ADo+-+Av.+Concha+Y+Toro+3459,+Puente+Alto,+Regi%C3%B3n+Metropolitana/@-33.5907463,-70.5937527,15z/am=t/data=!4m14!4m13!1m5!1m1!1s0x9662d7012d99ff11:0x5c560960309bbd21!2m2!1d-70.5800074!2d-33.6032038!1m5!1m1!1s0x9662d725b4a98067:0x62a60b0a60a05f60!2m2!1d-70.5814083!2d-33.5774536!3e0 line 1458 > injectedScript, line 5470: WebGL warning: texSubImage: Texture has not been initialized prior to a partial upload, forcing the browser to clear it. This may be slow.
JavaScript warning: https://www.google.cl/maps/dir/Domingo+Tocornal,+Puente+Alto,+Regi%C3%B3n+Metropolitana/Hospital+Dr.+S%C3%B3tero+del+R%C3%ADo+-+Av.+Concha+Y+Toro+3459,+Puente+Alto,+Regi%C3%B3n+Metropolitana/@-33.5907463,-70.5937527,15z/am=t/data=!4m14!4m13!1m5!1m1!1s0x9662d7012d99ff11:0x5c560960309bbd21!2m2!1d-70.5800074!2d-33.6032038!1m5!1m1!1s0x9662d725b4a98067:0x62a60b0a60a05f60!2m2!1d-70.5814083!2d-33.5774536!3e0 line 1458 > injectedScript, line 5470: WebGL warning: texSubImage: Tex image TEXTURE_2D level 0 is incurring lazy initialization.
JavaScript warning: https://www.google.cl/maps/dir/Domingo+Tocornal,+Puente+Alto,+Regi%C3%B3n+Metropolitana/Hospital+Dr.+S%C3%B3tero+del+R%C3%ADo+-+Av.+Concha+Y+Toro+3459,+Puente+Alto,+Regi%C3%B3n+Metropolitana/@-33.5907463,-70.5937527,15z/am=t/data=!4m14!4m13!1m5!1m1!1s0x9662d7012d99ff11:0x5c560960309bbd21!2m2!1d-70.5800074!2d-33.6032038!1m5!1m1!1s0x9662d725b4a98067:0x62a60b0a60a05f60!2m2!1d-70.5814083!2d-33.5774536!3e0 line 1458 > injectedScript, line 5470: WebGL warning: texSubImage: Texture has not been initialized prior to a partial upload, forcing the browser to clear it. This may be slow.
JavaScript warning: https://www.google.cl/maps/dir/Domingo+Tocornal,+Puente+Alto,+Regi%C3%B3n+Metropolitana/Hospital+Dr.+S%C3%B3tero+del+R%C3%ADo+-+Av.+Concha+Y+Toro+3459,+Puente+Alto,+Regi%C3%B3n+Metropolitana/@-33.5907463,-70.5937527,15z/am=t/data=!4m14!4m13!1m5!1m1!1s0x9662d7012d99ff11:0x5c560960309bbd21!2m2!1d-70.5800074!2d-33.6032038!1m5!1m1!1s0x9662d725b4a98067:0x62a60b0a60a05f60!2m2!1d-70.5814083!2d-33.5774536!3e0 line 1458 > injectedScript, line 5470: WebGL warning: texSubImage: Tex image TEXTURE_2D level 0 is incurring lazy initialization.
JavaScript warning: https://www.google.cl/maps/dir/Domingo+Tocornal,+Puente+Alto,+Regi%C3%B3n+Metropolitana/Hospital+Dr.+S%C3%B3tero+del+R%C3%ADo+-+Av.+Concha+Y+Toro+3459,+Puente+Alto,+Regi%C3%B3n+Metropolitana/@-33.5907463,-70.5937527,15z/am=t/data=!4m14!4m13!1m5!1m1!1s0x9662d7012d99ff11:0x5c560960309bbd21!2m2!1d-70.5800074!2d-33.6032038!1m5!1m1!1s0x9662d725b4a98067:0x62a60b0a60a05f60!2m2!1d-70.5814083!2d-33.5774536!3e0 line 1458 > injectedScript, line 5470: WebGL warning: texSubImage: Texture has not been initialized prior to a partial upload, forcing the browser to clear it. This may be slow.
JavaScript warning: https://www.google.cl/maps/dir/Domingo+Tocornal,+Puente+Alto,+Regi%C3%B3n+Metropolitana/Hospital+Dr.+S%C3%B3tero+del+R%C3%ADo+-+Av.+Concha+Y+Toro+3459,+Puente+Alto,+Regi%C3%B3n+Metropolitana/@-33.5907463,-70.5937527,15z/am=t/data=!4m14!4m13!1m5!1m1!1s0x9662d7012d99ff11:0x5c560960309bbd21!2m2!1d-70.5800074!2d-33.6032038!1m5!1m1!1s0x9662d725b4a98067:0x62a60b0a60a05f60!2m2!1d-70.5814083!2d-33.5774536!3e0 line 1458 > injectedScript, line 5470: WebGL warning: texSubImage: Tex image TEXTURE_2D level 0 is incurring lazy initialization.
JavaScript warning: https://www.google.cl/maps/dir/Domingo+Tocornal,+Puente+Alto,+Regi%C3%B3n+Metropolitana/Hospital+Dr.+S%C3%B3tero+del+R%C3%ADo+-+Av.+Concha+Y+Toro+3459,+Puente+Alto,+Regi%C3%B3n+Metropolitana/@-33.5907463,-70.5937527,15z/am=t/data=!4m14!4m13!1m5!1m1!1s0x9662d7012d99ff11:0x5c560960309bbd21!2m2!1d-70.5800074!2d-33.6032038!1m5!1m1!1s0x9662d725b4a98067:0x62a60b0a60a05f60!2m2!1d-70.5814083!2d-33.5774536!3e0 line 1458 > injectedScript, line 5470: WebGL warning: texSubImage: Texture has not been initialized prior to a partial upload, forcing the browser to clear it. This may be slow.
JavaScript warning: https://www.google.cl/maps/dir/Domingo+Tocornal,+Puente+Alto,+Regi%C3%B3n+Metropolitana/Hospital+Dr.+S%C3%B3tero+del+R%C3%ADo+-+Av.+Concha+Y+Toro+3459,+Puente+Alto,+Regi%C3%B3n+Metropolitana/@-33.5907463,-70.5937527,15z/am=t/data=!4m14!4m13!1m5!1m1!1s0x9662d7012d99ff11:0x5c560960309bbd21!2m2!1d-70.5800074!2d-33.6032038!1m5!1m1!1s0x9662d725b4a98067:0x62a60b0a60a05f60!2m2!1d-70.5814083!2d-33.5774536!3e0 line 1458 > injectedScript, line 5470: WebGL warning: texSubImage: Tex image TEXTURE_2D level 0 is incurring lazy initialization.
Exiting due to channel error.
Exiting due to channel error.
Exiting due to channel error.
[GFX1-]: Receive IPC close with reason=AbnormalShutdown
Exiting due to channel error.
[GFX1-]: Receive IPC close with reason=AbnormalShutdown
Exiting due to channel error.
1598324816478	geckodriver	INFO	Listening on 127.0.0.1:57553
1598324817490	mozrunner::runner	INFO	Running command: "/Applications/Firefox.app/Contents/MacOS/firefox-bin" "--marionette" "-foreground" "-no-remote" "-profile" "/var/folders/1t/bb2drqkd5qng63n6xbv7zyhc0000gn/T/rust_mozprofilevMa9BA"
console.error: SearchCache: "_readCacheFile: Error reading cache file:" (new Error("", "(unknown module)"))
1598324820199	Marionette	INFO	Listening on port 57609
1598324820287	Marionette	WARN	TLS certificate errors will be ignored for this session
JavaScript warning: https://www.google.cl/maps/dir/Domingo+Tocornal,+Puente+Alto,+Regi%C3%B3n+Metropolitana/Hospital+Dr.+S%C3%B3tero+del+R%C3%ADo+-+Av.+Concha+Y+Toro+3459,+Puente+Alto,+Regi%C3%B3n+Metropolitana/@-33.5907463,-70.5937527,15z/am=t/data=!4m14!4m13!1m5!1m1!1s0x9662d7012d99ff11:0x5c560960309bbd21!2m2!1d-70.5800074!2d-33.6032038!1m5!1m1!1s0x9662d725b4a98067:0x62a60b0a60a05f60!2m2!1d-70.5814083!2d-33.5774536!3e0 line 1458 > injectedScript, line 5470: WebGL warning: texSubImage: Texture has not been initialized prior to a partial upload, forcing the browser to clear it. This may be slow.
JavaScript warning: https://www.google.cl/maps/dir/Domingo+Tocornal,+Puente+Alto,+Regi%C3%B3n+Metropolitana/Hospital+Dr.+S%C3%B3tero+del+R%C3%ADo+-+Av.+Concha+Y+Toro+3459,+Puente+Alto,+Regi%C3%B3n+Metropolitana/@-33.5907463,-70.5937527,15z/am=t/data=!4m14!4m13!1m5!1m1!1s0x9662d7012d99ff11:0x5c560960309bbd21!2m2!1d-70.5800074!2d-33.6032038!1m5!1m1!1s0x9662d725b4a98067:0x62a60b0a60a05f60!2m2!1d-70.5814083!2d-33.5774536!3e0 line 1458 > injectedScript, line 5470: WebGL warning: texSubImage: Tex image TEXTURE_2D level 0 is incurring lazy initialization.
JavaScript warning: https://www.google.cl/maps/dir/Domingo+Tocornal,+Puente+Alto,+Regi%C3%B3n+Metropolitana/Hospital+Dr.+S%C3%B3tero+del+R%C3%ADo+-+Av.+Concha+Y+Toro+3459,+Puente+Alto,+Regi%C3%B3n+Metropolitana/@-33.5907463,-70.5937527,15z/am=t/data=!4m14!4m13!1m5!1m1!1s0x9662d7012d99ff11:0x5c560960309bbd21!2m2!1d-70.5800074!2d-33.6032038!1m5!1m1!1s0x9662d725b4a98067:0x62a60b0a60a05f60!2m2!1d-70.5814083!2d-33.5774536!3e0 line 1458 > injectedScript, line 5470: WebGL warning: texSubImage: Texture has not been initialized prior to a partial upload, forcing the browser to clear it. This may be slow.
JavaScript warning: https://www.google.cl/maps/dir/Domingo+Tocornal,+Puente+Alto,+Regi%C3%B3n+Metropolitana/Hospital+Dr.+S%C3%B3tero+del+R%C3%ADo+-+Av.+Concha+Y+Toro+3459,+Puente+Alto,+Regi%C3%B3n+Metropolitana/@-33.5907463,-70.5937527,15z/am=t/data=!4m14!4m13!1m5!1m1!1s0x9662d7012d99ff11:0x5c560960309bbd21!2m2!1d-70.5800074!2d-33.6032038!1m5!1m1!1s0x9662d725b4a98067:0x62a60b0a60a05f60!2m2!1d-70.5814083!2d-33.5774536!3e0 line 1458 > injectedScript, line 5470: WebGL warning: texSubImage: Tex image TEXTURE_2D level 0 is incurring lazy initialization.
JavaScript warning: https://www.google.cl/maps/dir/Domingo+Tocornal,+Puente+Alto,+Regi%C3%B3n+Metropolitana/Hospital+Dr.+S%C3%B3tero+del+R%C3%ADo+-+Av.+Concha+Y+Toro+3459,+Puente+Alto,+Regi%C3%B3n+Metropolitana/@-33.5907463,-70.5937527,15z/am=t/data=!4m14!4m13!1m5!1m1!1s0x9662d7012d99ff11:0x5c560960309bbd21!2m2!1d-70.5800074!2d-33.6032038!1m5!1m1!1s0x9662d725b4a98067:0x62a60b0a60a05f60!2m2!1d-70.5814083!2d-33.5774536!3e0 line 1458 > injectedScript, line 5470: WebGL warning: texSubImage: Texture has not been initialized prior to a partial upload, forcing the browser to clear it. This may be slow.
JavaScript warning: https://www.google.cl/maps/dir/Domingo+Tocornal,+Puente+Alto,+Regi%C3%B3n+Metropolitana/Hospital+Dr.+S%C3%B3tero+del+R%C3%ADo+-+Av.+Concha+Y+Toro+3459,+Puente+Alto,+Regi%C3%B3n+Metropolitana/@-33.5907463,-70.5937527,15z/am=t/data=!4m14!4m13!1m5!1m1!1s0x9662d7012d99ff11:0x5c560960309bbd21!2m2!1d-70.5800074!2d-33.6032038!1m5!1m1!1s0x9662d725b4a98067:0x62a60b0a60a05f60!2m2!1d-70.5814083!2d-33.5774536!3e0 line 1458 > injectedScript, line 5470: WebGL warning: texSubImage: Tex image TEXTURE_2D level 0 is incurring lazy initialization.
JavaScript warning: https://www.google.cl/maps/dir/Domingo+Tocornal,+Puente+Alto,+Regi%C3%B3n+Metropolitana/Hospital+Dr.+S%C3%B3tero+del+R%C3%ADo+-+Av.+Concha+Y+Toro+3459,+Puente+Alto,+Regi%C3%B3n+Metropolitana/@-33.5907463,-70.5937527,15z/am=t/data=!4m14!4m13!1m5!1m1!1s0x9662d7012d99ff11:0x5c560960309bbd21!2m2!1d-70.5800074!2d-33.6032038!1m5!1m1!1s0x9662d725b4a98067:0x62a60b0a60a05f60!2m2!1d-70.5814083!2d-33.5774536!3e0 line 1458 > injectedScript, line 5470: WebGL warning: texSubImage: Texture has not been initialized prior to a partial upload, forcing the browser to clear it. This may be slow.
JavaScript warning: https://www.google.cl/maps/dir/Domingo+Tocornal,+Puente+Alto,+Regi%C3%B3n+Metropolitana/Hospital+Dr.+S%C3%B3tero+del+R%C3%ADo+-+Av.+Concha+Y+Toro+3459,+Puente+Alto,+Regi%C3%B3n+Metropolitana/@-33.5907463,-70.5937527,15z/am=t/data=!4m14!4m13!1m5!1m1!1s0x9662d7012d99ff11:0x5c560960309bbd21!2m2!1d-70.5800074!2d-33.6032038!1m5!1m1!1s0x9662d725b4a98067:0x62a60b0a60a05f60!2m2!1d-70.5814083!2d-33.5774536!3e0 line 1458 > injectedScript, line 5470: WebGL warning: texSubImage: Tex image TEXTURE_2D level 0 is incurring lazy initialization.
JavaScript warning: https://www.google.cl/maps/dir/Domingo+Tocornal,+Puente+Alto,+Regi%C3%B3n+Metropolitana/Hospital+Dr.+S%C3%B3tero+del+R%C3%ADo+-+Av.+Concha+Y+Toro+3459,+Puente+Alto,+Regi%C3%B3n+Metropolitana/@-33.5907463,-70.5937527,15z/am=t/data=!4m14!4m13!1m5!1m1!1s0x9662d7012d99ff11:0x5c560960309bbd21!2m2!1d-70.5800074!2d-33.6032038!1m5!1m1!1s0x9662d725b4a98067:0x62a60b0a60a05f60!2m2!1d-70.5814083!2d-33.5774536!3e0 line 1458 > injectedScript, line 5470: WebGL warning: texSubImage: Texture has not been initialized prior to a partial upload, forcing the browser to clear it. This may be slow.
JavaScript warning: https://www.google.cl/maps/dir/Domingo+Tocornal,+Puente+Alto,+Regi%C3%B3n+Metropolitana/Hospital+Dr.+S%C3%B3tero+del+R%C3%ADo+-+Av.+Concha+Y+Toro+3459,+Puente+Alto,+Regi%C3%B3n+Metropolitana/@-33.5907463,-70.5937527,15z/am=t/data=!4m14!4m13!1m5!1m1!1s0x9662d7012d99ff11:0x5c560960309bbd21!2m2!1d-70.5800074!2d-33.6032038!1m5!1m1!1s0x9662d725b4a98067:0x62a60b0a60a05f60!2m2!1d-70.5814083!2d-33.5774536!3e0 line 1458 > injectedScript, line 5470: WebGL warning: texSubImage: Tex image TEXTURE_2D level 0 is incurring lazy initialization.
JavaScript warning: https://www.google.cl/maps/dir/Domingo+Tocornal,+Puente+Alto,+Regi%C3%B3n+Metropolitana/Hospital+Dr.+S%C3%B3tero+del+R%C3%ADo+-+Av.+Concha+Y+Toro+3459,+Puente+Alto,+Regi%C3%B3n+Metropolitana/@-33.5907463,-70.5937527,15z/am=t/data=!4m14!4m13!1m5!1m1!1s0x9662d7012d99ff11:0x5c560960309bbd21!2m2!1d-70.5800074!2d-33.6032038!1m5!1m1!1s0x9662d725b4a98067:0x62a60b0a60a05f60!2m2!1d-70.5814083!2d-33.5774536!3e0 line 1458 > injectedScript, line 5470: WebGL warning: texSubImage: Texture has not been initialized prior to a partial upload, forcing the browser to clear it. This may be slow.
JavaScript warning: https://www.google.cl/maps/dir/Domingo+Tocornal,+Puente+Alto,+Regi%C3%B3n+Metropolitana/Hospital+Dr.+S%C3%B3tero+del+R%C3%ADo+-+Av.+Concha+Y+Toro+3459,+Puente+Alto,+Regi%C3%B3n+Metropolitana/@-33.5907463,-70.5937527,15z/am=t/data=!4m14!4m13!1m5!1m1!1s0x9662d7012d99ff11:0x5c560960309bbd21!2m2!1d-70.5800074!2d-33.6032038!1m5!1m1!1s0x9662d725b4a98067:0x62a60b0a60a05f60!2m2!1d-70.5814083!2d-33.5774536!3e0 line 1458 > injectedScript, line 5470: WebGL warning: texSubImage: Tex image TEXTURE_2D level 0 is incurring lazy initialization.
Exiting due to channel error.
[GFX1-]: Receive IPC close with reason=AbnormalShutdown
Exiting due to channel error.
[GFX1-]: Receive IPC close with reason=AbnormalShutdown
Exiting due to channel error.
1598326085629	geckodriver	INFO	Listening on 127.0.0.1:50688
1598326086629	mozrunner::runner	INFO	Running command: "/Applications/Firefox.app/Contents/MacOS/firefox-bin" "--marionette" "-foreground" "-no-remote" "-profile" "/var/folders/1t/bb2drqkd5qng63n6xbv7zyhc0000gn/T/rust_mozprofileJUwMvz"
console.error: SearchCache: "_readCacheFile: Error reading cache file:" (new Error("", "(unknown module)"))
1598326089721	Marionette	INFO	Listening on port 50746
1598326089754	Marionette	WARN	TLS certificate errors will be ignored for this session
JavaScript warning: https://www.google.cl/maps/dir/Domingo+Tocornal,+Puente+Alto,+Regi%C3%B3n+Metropolitana/Hospital+Dr.+S%C3%B3tero+del+R%C3%ADo+-+Av.+Concha+Y+Toro+3459,+Puente+Alto,+Regi%C3%B3n+Metropolitana/@-33.5907463,-70.5937527,15z/am=t/data=!4m14!4m13!1m5!1m1!1s0x9662d7012d99ff11:0x5c560960309bbd21!2m2!1d-70.5800074!2d-33.6032038!1m5!1m1!1s0x9662d725b4a98067:0x62a60b0a60a05f60!2m2!1d-70.5814083!2d-33.5774536!3e0 line 1458 > injectedScript, line 5470: WebGL warning: texSubImage: Texture has not been initialized prior to a partial upload, forcing the browser to clear it. This may be slow.
JavaScript warning: https://www.google.cl/maps/dir/Domingo+Tocornal,+Puente+Alto,+Regi%C3%B3n+Metropolitana/Hospital+Dr.+S%C3%B3tero+del+R%C3%ADo+-+Av.+Concha+Y+Toro+3459,+Puente+Alto,+Regi%C3%B3n+Metropolitana/@-33.5907463,-70.5937527,15z/am=t/data=!4m14!4m13!1m5!1m1!1s0x9662d7012d99ff11:0x5c560960309bbd21!2m2!1d-70.5800074!2d-33.6032038!1m5!1m1!1s0x9662d725b4a98067:0x62a60b0a60a05f60!2m2!1d-70.5814083!2d-33.5774536!3e0 line 1458 > injectedScript, line 5470: WebGL warning: texSubImage: Tex image TEXTURE_2D level 0 is incurring lazy initialization.
JavaScript warning: https://www.google.cl/maps/dir/Domingo+Tocornal,+Puente+Alto,+Regi%C3%B3n+Metropolitana/Hospital+Dr.+S%C3%B3tero+del+R%C3%ADo+-+Av.+Concha+Y+Toro+3459,+Puente+Alto,+Regi%C3%B3n+Metropolitana/@-33.5907463,-70.5937527,15z/am=t/data=!4m14!4m13!1m5!1m1!1s0x9662d7012d99ff11:0x5c560960309bbd21!2m2!1d-70.5800074!2d-33.6032038!1m5!1m1!1s0x9662d725b4a98067:0x62a60b0a60a05f60!2m2!1d-70.5814083!2d-33.5774536!3e0 line 1458 > injectedScript, line 5470: WebGL warning: texSubImage: Texture has not been initialized prior to a partial upload, forcing the browser to clear it. This may be slow.
JavaScript warning: https://www.google.cl/maps/dir/Domingo+Tocornal,+Puente+Alto,+Regi%C3%B3n+Metropolitana/Hospital+Dr.+S%C3%B3tero+del+R%C3%ADo+-+Av.+Concha+Y+Toro+3459,+Puente+Alto,+Regi%C3%B3n+Metropolitana/@-33.5907463,-70.5937527,15z/am=t/data=!4m14!4m13!1m5!1m1!1s0x9662d7012d99ff11:0x5c560960309bbd21!2m2!1d-70.5800074!2d-33.6032038!1m5!1m1!1s0x9662d725b4a98067:0x62a60b0a60a05f60!2m2!1d-70.5814083!2d-33.5774536!3e0 line 1458 > injectedScript, line 5470: WebGL warning: texSubImage: Tex image TEXTURE_2D level 0 is incurring lazy initialization.
JavaScript warning: https://www.google.cl/maps/dir/Domingo+Tocornal,+Puente+Alto,+Regi%C3%B3n+Metropolitana/Hospital+Dr.+S%C3%B3tero+del+R%C3%ADo+-+Av.+Concha+Y+Toro+3459,+Puente+Alto,+Regi%C3%B3n+Metropolitana/@-33.5907463,-70.5937527,15z/am=t/data=!4m14!4m13!1m5!1m1!1s0x9662d7012d99ff11:0x5c560960309bbd21!2m2!1d-70.5800074!2d-33.6032038!1m5!1m1!1s0x9662d725b4a98067:0x62a60b0a60a05f60!2m2!1d-70.5814083!2d-33.5774536!3e0 line 1458 > injectedScript, line 5470: WebGL warning: texSubImage: Texture has not been initialized prior to a partial upload, forcing the browser to clear it. This may be slow.
JavaScript warning: https://www.google.cl/maps/dir/Domingo+Tocornal,+Puente+Alto,+Regi%C3%B3n+Metropolitana/Hospital+Dr.+S%C3%B3tero+del+R%C3%ADo+-+Av.+Concha+Y+Toro+3459,+Puente+Alto,+Regi%C3%B3n+Metropolitana/@-33.5907463,-70.5937527,15z/am=t/data=!4m14!4m13!1m5!1m1!1s0x9662d7012d99ff11:0x5c560960309bbd21!2m2!1d-70.5800074!2d-33.6032038!1m5!1m1!1s0x9662d725b4a98067:0x62a60b0a60a05f60!2m2!1d-70.5814083!2d-33.5774536!3e0 line 1458 > injectedScript, line 5470: WebGL warning: texSubImage: Tex image TEXTURE_2D level 0 is incurring lazy initialization.
JavaScript warning: https://www.google.cl/maps/dir/Domingo+Tocornal,+Puente+Alto,+Regi%C3%B3n+Metropolitana/Hospital+Dr.+S%C3%B3tero+del+R%C3%ADo+-+Av.+Concha+Y+Toro+3459,+Puente+Alto,+Regi%C3%B3n+Metropolitana/@-33.5907463,-70.5937527,15z/am=t/data=!4m14!4m13!1m5!1m1!1s0x9662d7012d99ff11:0x5c560960309bbd21!2m2!1d-70.5800074!2d-33.6032038!1m5!1m1!1s0x9662d725b4a98067:0x62a60b0a60a05f60!2m2!1d-70.5814083!2d-33.5774536!3e0 line 1458 > injectedScript, line 5470: WebGL warning: texSubImage: Texture has not been initialized prior to a partial upload, forcing the browser to clear it. This may be slow.
JavaScript warning: https://www.google.cl/maps/dir/Domingo+Tocornal,+Puente+Alto,+Regi%C3%B3n+Metropolitana/Hospital+Dr.+S%C3%B3tero+del+R%C3%ADo+-+Av.+Concha+Y+Toro+3459,+Puente+Alto,+Regi%C3%B3n+Metropolitana/@-33.5907463,-70.5937527,15z/am=t/data=!4m14!4m13!1m5!1m1!1s0x9662d7012d99ff11:0x5c560960309bbd21!2m2!1d-70.5800074!2d-33.6032038!1m5!1m1!1s0x9662d725b4a98067:0x62a60b0a60a05f60!2m2!1d-70.5814083!2d-33.5774536!3e0 line 1458 > injectedScript, line 5470: WebGL warning: texSubImage: Tex image TEXTURE_2D level 0 is incurring lazy initialization.
JavaScript warning: https://www.google.cl/maps/dir/Domingo+Tocornal,+Puente+Alto,+Regi%C3%B3n+Metropolitana/Hospital+Dr.+S%C3%B3tero+del+R%C3%ADo+-+Av.+Concha+Y+Toro+3459,+Puente+Alto,+Regi%C3%B3n+Metropolitana/@-33.5907463,-70.5937527,15z/am=t/data=!4m14!4m13!1m5!1m1!1s0x9662d7012d99ff11:0x5c560960309bbd21!2m2!1d-70.5800074!2d-33.6032038!1m5!1m1!1s0x9662d725b4a98067:0x62a60b0a60a05f60!2m2!1d-70.5814083!2d-33.5774536!3e0 line 1458 > injectedScript, line 5470: WebGL warning: texSubImage: Texture has not been initialized prior to a partial upload, forcing the browser to clear it. This may be slow.
JavaScript warning: https://www.google.cl/maps/dir/Domingo+Tocornal,+Puente+Alto,+Regi%C3%B3n+Metropolitana/Hospital+Dr.+S%C3%B3tero+del+R%C3%ADo+-+Av.+Concha+Y+Toro+3459,+Puente+Alto,+Regi%C3%B3n+Metropolitana/@-33.5907463,-70.5937527,15z/am=t/data=!4m14!4m13!1m5!1m1!1s0x9662d7012d99ff11:0x5c560960309bbd21!2m2!1d-70.5800074!2d-33.6032038!1m5!1m1!1s0x9662d725b4a98067:0x62a60b0a60a05f60!2m2!1d-70.5814083!2d-33.5774536!3e0 line 1458 > injectedScript, line 5470: WebGL warning: texSubImage: Tex image TEXTURE_2D level 0 is incurring lazy initialization.
JavaScript warning: https://www.google.cl/maps/dir/Domingo+Tocornal,+Puente+Alto,+Regi%C3%B3n+Metropolitana/Hospital+Dr.+S%C3%B3tero+del+R%C3%ADo+-+Av.+Concha+Y+Toro+3459,+Puente+Alto,+Regi%C3%B3n+Metropolitana/@-33.5907463,-70.5937527,15z/am=t/data=!4m14!4m13!1m5!1m1!1s0x9662d7012d99ff11:0x5c560960309bbd21!2m2!1d-70.5800074!2d-33.6032038!1m5!1m1!1s0x9662d725b4a98067:0x62a60b0a60a05f60!2m2!1d-70.5814083!2d-33.5774536!3e0 line 1458 > injectedScript, line 5470: WebGL warning: texSubImage: Texture has not been initialized prior to a partial upload, forcing the browser to clear it. This may be slow.
JavaScript warning: https://www.google.cl/maps/dir/Domingo+Tocornal,+Puente+Alto,+Regi%C3%B3n+Metropolitana/Hospital+Dr.+S%C3%B3tero+del+R%C3%ADo+-+Av.+Concha+Y+Toro+3459,+Puente+Alto,+Regi%C3%B3n+Metropolitana/@-33.5907463,-70.5937527,15z/am=t/data=!4m14!4m13!1m5!1m1!1s0x9662d7012d99ff11:0x5c560960309bbd21!2m2!1d-70.5800074!2d-33.6032038!1m5!1m1!1s0x9662d725b4a98067:0x62a60b0a60a05f60!2m2!1d-70.5814083!2d-33.5774536!3e0 line 1458 > injectedScript, line 5470: WebGL warning: texSubImage: Tex image TEXTURE_2D level 0 is incurring lazy initialization.
1598326126574	geckodriver	INFO	Listening on 127.0.0.1:52646
1598326127590	mozrunner::runner	INFO	Running command: "/Applications/Firefox.app/Contents/MacOS/firefox-bin" "--marionette" "-foreground" "-no-remote" "-profile" "/var/folders/1t/bb2drqkd5qng63n6xbv7zyhc0000gn/T/rust_mozprofileJCDrea"
console.error: SearchCache: "_readCacheFile: Error reading cache file:" (new Error("", "(unknown module)"))
1598326129946	Marionette	INFO	Listening on port 52697
1598326129996	Marionette	WARN	TLS certificate errors will be ignored for this session
JavaScript error: resource://gre/actors/AutoCompleteChild.jsm, line 208: Error: Invalid autocomplete selectedIndex
JavaScript error: resource://gre/actors/AutoCompleteChild.jsm, line 208: Error: Invalid autocomplete selectedIndex
JavaScript error: resource://gre/modules/LoginManagerChild.jsm, line 177: NS_ERROR_XPC_JAVASCRIPT_ERROR_WITH_DETAILS: [JavaScript Error: "Invalid autocomplete selectedIndex" {file: "resource://gre/actors/AutoCompleteChild.jsm" line: 208}]'[JavaScript Error: "Invalid autocomplete selectedIndex" {file: "resource://gre/actors/AutoCompleteChild.jsm" line: 208}]' when calling method: [nsIAutoCompletePopup::selectedIndex]
JavaScript warning: https://www.google.cl/maps/dir/Domingo+Tocornal,+Puente+Alto,+Regi%C3%B3n+Metropolitana/Hospital+Dr.+S%C3%B3tero+del+R%C3%ADo+-+Av.+Concha+Y+Toro+3459,+Puente+Alto,+Regi%C3%B3n+Metropolitana/@-33.5907463,-70.5937527,15z/am=t/data=!4m14!4m13!1m5!1m1!1s0x9662d7012d99ff11:0x5c560960309bbd21!2m2!1d-70.5800074!2d-33.6032038!1m5!1m1!1s0x9662d725b4a98067:0x62a60b0a60a05f60!2m2!1d-70.5814083!2d-33.5774536!3e0 line 1458 > injectedScript, line 5481: WebGL warning: copyTexSubImage: Texture has not been initialized prior to a partial upload, forcing the browser to clear it. This may be slow.
JavaScript warning: https://www.google.cl/maps/dir/Domingo+Tocornal,+Puente+Alto,+Regi%C3%B3n+Metropolitana/Hospital+Dr.+S%C3%B3tero+del+R%C3%ADo+-+Av.+Concha+Y+Toro+3459,+Puente+Alto,+Regi%C3%B3n+Metropolitana/@-33.5907463,-70.5937527,15z/am=t/data=!4m14!4m13!1m5!1m1!1s0x9662d7012d99ff11:0x5c560960309bbd21!2m2!1d-70.5800074!2d-33.6032038!1m5!1m1!1s0x9662d725b4a98067:0x62a60b0a60a05f60!2m2!1d-70.5814083!2d-33.5774536!3e0 line 1458 > injectedScript, line 5481: WebGL warning: copyTexSubImage: Tex image TEXTURE_2D level 0 is incurring lazy initialization.
1598326237422	geckodriver	INFO	Listening on 127.0.0.1:57828
1598326238433	mozrunner::runner	INFO	Running command: "/Applications/Firefox.app/Contents/MacOS/firefox-bin" "--marionette" "-foreground" "-no-remote" "-profile" "/var/folders/1t/bb2drqkd5qng63n6xbv7zyhc0000gn/T/rust_mozprofileJVypHl"
console.error: SearchCache: "_readCacheFile: Error reading cache file:" (new Error("", "(unknown module)"))
1598326240653	Marionette	INFO	Listening on port 57884
1598326240713	Marionette	WARN	TLS certificate errors will be ignored for this session
JavaScript warning: https://www.google.cl/maps/dir/Domingo+Tocornal,+Puente+Alto,+Regi%C3%B3n+Metropolitana/Hospital+Dr.+S%C3%B3tero+del+R%C3%ADo+-+Av.+Concha+Y+Toro+3459,+Puente+Alto,+Regi%C3%B3n+Metropolitana/@-33.5907463,-70.5937527,15z/am=t/data=!4m14!4m13!1m5!1m1!1s0x9662d7012d99ff11:0x5c560960309bbd21!2m2!1d-70.5800074!2d-33.6032038!1m5!1m1!1s0x9662d725b4a98067:0x62a60b0a60a05f60!2m2!1d-70.5814083!2d-33.5774536!3e0 line 1458 > injectedScript, line 5470: WebGL warning: texSubImage: Texture has not been initialized prior to a partial upload, forcing the browser to clear it. This may be slow.
JavaScript warning: https://www.google.cl/maps/dir/Domingo+Tocornal,+Puente+Alto,+Regi%C3%B3n+Metropolitana/Hospital+Dr.+S%C3%B3tero+del+R%C3%ADo+-+Av.+Concha+Y+Toro+3459,+Puente+Alto,+Regi%C3%B3n+Metropolitana/@-33.5907463,-70.5937527,15z/am=t/data=!4m14!4m13!1m5!1m1!1s0x9662d7012d99ff11:0x5c560960309bbd21!2m2!1d-70.5800074!2d-33.6032038!1m5!1m1!1s0x9662d725b4a98067:0x62a60b0a60a05f60!2m2!1d-70.5814083!2d-33.5774536!3e0 line 1458 > injectedScript, line 5470: WebGL warning: texSubImage: Tex image TEXTURE_2D level 0 is incurring lazy initialization.
JavaScript warning: https://www.google.cl/maps/dir/Domingo+Tocornal,+Puente+Alto,+Regi%C3%B3n+Metropolitana/Hospital+Dr.+S%C3%B3tero+del+R%C3%ADo+-+Av.+Concha+Y+Toro+3459,+Puente+Alto,+Regi%C3%B3n+Metropolitana/@-33.5907463,-70.5937527,15z/am=t/data=!4m14!4m13!1m5!1m1!1s0x9662d7012d99ff11:0x5c560960309bbd21!2m2!1d-70.5800074!2d-33.6032038!1m5!1m1!1s0x9662d725b4a98067:0x62a60b0a60a05f60!2m2!1d-70.5814083!2d-33.5774536!3e0 line 1458 > injectedScript, line 5470: WebGL warning: texSubImage: Texture has not been initialized prior to a partial upload, forcing the browser to clear it. This may be slow.
JavaScript warning: https://www.google.cl/maps/dir/Domingo+Tocornal,+Puente+Alto,+Regi%C3%B3n+Metropolitana/Hospital+Dr.+S%C3%B3tero+del+R%C3%ADo+-+Av.+Concha+Y+Toro+3459,+Puente+Alto,+Regi%C3%B3n+Metropolitana/@-33.5907463,-70.5937527,15z/am=t/data=!4m14!4m13!1m5!1m1!1s0x9662d7012d99ff11:0x5c560960309bbd21!2m2!1d-70.5800074!2d-33.6032038!1m5!1m1!1s0x9662d725b4a98067:0x62a60b0a60a05f60!2m2!1d-70.5814083!2d-33.5774536!3e0 line 1458 > injectedScript, line 5470: WebGL warning: texSubImage: Tex image TEXTURE_2D level 0 is incurring lazy initialization.
JavaScript warning: https://www.google.cl/maps/dir/Domingo+Tocornal,+Puente+Alto,+Regi%C3%B3n+Metropolitana/Hospital+Dr.+S%C3%B3tero+del+R%C3%ADo+-+Av.+Concha+Y+Toro+3459,+Puente+Alto,+Regi%C3%B3n+Metropolitana/@-33.5907463,-70.5937527,15z/am=t/data=!4m14!4m13!1m5!1m1!1s0x9662d7012d99ff11:0x5c560960309bbd21!2m2!1d-70.5800074!2d-33.6032038!1m5!1m1!1s0x9662d725b4a98067:0x62a60b0a60a05f60!2m2!1d-70.5814083!2d-33.5774536!3e0 line 1458 > injectedScript, line 5470: WebGL warning: texSubImage: Texture has not been initialized prior to a partial upload, forcing the browser to clear it. This may be slow.
JavaScript warning: https://www.google.cl/maps/dir/Domingo+Tocornal,+Puente+Alto,+Regi%C3%B3n+Metropolitana/Hospital+Dr.+S%C3%B3tero+del+R%C3%ADo+-+Av.+Concha+Y+Toro+3459,+Puente+Alto,+Regi%C3%B3n+Metropolitana/@-33.5907463,-70.5937527,15z/am=t/data=!4m14!4m13!1m5!1m1!1s0x9662d7012d99ff11:0x5c560960309bbd21!2m2!1d-70.5800074!2d-33.6032038!1m5!1m1!1s0x9662d725b4a98067:0x62a60b0a60a05f60!2m2!1d-70.5814083!2d-33.5774536!3e0 line 1458 > injectedScript, line 5470: WebGL warning: texSubImage: Tex image TEXTURE_2D level 0 is incurring lazy initialization.
JavaScript warning: https://www.google.cl/maps/dir/Domingo+Tocornal,+Puente+Alto,+Regi%C3%B3n+Metropolitana/Hospital+Dr.+S%C3%B3tero+del+R%C3%ADo+-+Av.+Concha+Y+Toro+3459,+Puente+Alto,+Regi%C3%B3n+Metropolitana/@-33.5907463,-70.5937527,15z/am=t/data=!4m14!4m13!1m5!1m1!1s0x9662d7012d99ff11:0x5c560960309bbd21!2m2!1d-70.5800074!2d-33.6032038!1m5!1m1!1s0x9662d725b4a98067:0x62a60b0a60a05f60!2m2!1d-70.5814083!2d-33.5774536!3e0 line 1458 > injectedScript, line 5470: WebGL warning: texSubImage: Texture has not been initialized prior to a partial upload, forcing the browser to clear it. This may be slow.
JavaScript warning: https://www.google.cl/maps/dir/Domingo+Tocornal,+Puente+Alto,+Regi%C3%B3n+Metropolitana/Hospital+Dr.+S%C3%B3tero+del+R%C3%ADo+-+Av.+Concha+Y+Toro+3459,+Puente+Alto,+Regi%C3%B3n+Metropolitana/@-33.5907463,-70.5937527,15z/am=t/data=!4m14!4m13!1m5!1m1!1s0x9662d7012d99ff11:0x5c560960309bbd21!2m2!1d-70.5800074!2d-33.6032038!1m5!1m1!1s0x9662d725b4a98067:0x62a60b0a60a05f60!2m2!1d-70.5814083!2d-33.5774536!3e0 line 1458 > injectedScript, line 5470: WebGL warning: texSubImage: Tex image TEXTURE_2D level 0 is incurring lazy initialization.
JavaScript warning: https://www.google.cl/maps/dir/Domingo+Tocornal,+Puente+Alto,+Regi%C3%B3n+Metropolitana/Hospital+Dr.+S%C3%B3tero+del+R%C3%ADo+-+Av.+Concha+Y+Toro+3459,+Puente+Alto,+Regi%C3%B3n+Metropolitana/@-33.5907463,-70.5937527,15z/am=t/data=!4m14!4m13!1m5!1m1!1s0x9662d7012d99ff11:0x5c560960309bbd21!2m2!1d-70.5800074!2d-33.6032038!1m5!1m1!1s0x9662d725b4a98067:0x62a60b0a60a05f60!2m2!1d-70.5814083!2d-33.5774536!3e0 line 1458 > injectedScript, line 5470: WebGL warning: texSubImage: Texture has not been initialized prior to a partial upload, forcing the browser to clear it. This may be slow.
JavaScript warning: https://www.google.cl/maps/dir/Domingo+Tocornal,+Puente+Alto,+Regi%C3%B3n+Metropolitana/Hospital+Dr.+S%C3%B3tero+del+R%C3%ADo+-+Av.+Concha+Y+Toro+3459,+Puente+Alto,+Regi%C3%B3n+Metropolitana/@-33.5907463,-70.5937527,15z/am=t/data=!4m14!4m13!1m5!1m1!1s0x9662d7012d99ff11:0x5c560960309bbd21!2m2!1d-70.5800074!2d-33.6032038!1m5!1m1!1s0x9662d725b4a98067:0x62a60b0a60a05f60!2m2!1d-70.5814083!2d-33.5774536!3e0 line 1458 > injectedScript, line 5470: WebGL warning: texSubImage: Tex image TEXTURE_2D level 0 is incurring lazy initialization.
JavaScript warning: https://www.google.cl/maps/dir/Domingo+Tocornal,+Puente+Alto,+Regi%C3%B3n+Metropolitana/Hospital+Dr.+S%C3%B3tero+del+R%C3%ADo+-+Av.+Concha+Y+Toro+3459,+Puente+Alto,+Regi%C3%B3n+Metropolitana/@-33.5907463,-70.5937527,15z/am=t/data=!4m14!4m13!1m5!1m1!1s0x9662d7012d99ff11:0x5c560960309bbd21!2m2!1d-70.5800074!2d-33.6032038!1m5!1m1!1s0x9662d725b4a98067:0x62a60b0a60a05f60!2m2!1d-70.5814083!2d-33.5774536!3e0 line 1458 > injectedScript, line 5470: WebGL warning: texSubImage: Texture has not been initialized prior to a partial upload, forcing the browser to clear it. This may be slow.
JavaScript warning: https://www.google.cl/maps/dir/Domingo+Tocornal,+Puente+Alto,+Regi%C3%B3n+Metropolitana/Hospital+Dr.+S%C3%B3tero+del+R%C3%ADo+-+Av.+Concha+Y+Toro+3459,+Puente+Alto,+Regi%C3%B3n+Metropolitana/@-33.5907463,-70.5937527,15z/am=t/data=!4m14!4m13!1m5!1m1!1s0x9662d7012d99ff11:0x5c560960309bbd21!2m2!1d-70.5800074!2d-33.6032038!1m5!1m1!1s0x9662d725b4a98067:0x62a60b0a60a05f60!2m2!1d-70.5814083!2d-33.5774536!3e0 line 1458 > injectedScript, line 5470: WebGL warning: texSubImage: Tex image TEXTURE_2D level 0 is incurring lazy initialization.
1598326263860	geckodriver	INFO	Listening on 127.0.0.1:59090
1598326264875	mozrunner::runner	INFO	Running command: "/Applications/Firefox.app/Contents/MacOS/firefox-bin" "--marionette" "-foreground" "-no-remote" "-profile" "/var/folders/1t/bb2drqkd5qng63n6xbv7zyhc0000gn/T/rust_mozprofileKG6W92"
console.error: SearchCache: "_readCacheFile: Error reading cache file:" (new Error("", "(unknown module)"))
1598326267226	Marionette	INFO	Listening on port 59147
1598326267269	Marionette	WARN	TLS certificate errors will be ignored for this session
1598326719741	Marionette	INFO	Stopped listening on port 57884
1598326721119	Marionette	INFO	Stopped listening on port 50746
1598326721876	Marionette	INFO	Stopped listening on port 52697
1598326725027	Marionette	INFO	Stopped listening on port 59147
1598328036406	geckodriver	INFO	Listening on 127.0.0.1:59089
1598328037422	mozrunner::runner	INFO	Running command: "/Applications/Firefox.app/Contents/MacOS/firefox-bin" "--marionette" "-foreground" "-no-remote" "-profile" "/var/folders/1t/bb2drqkd5qng63n6xbv7zyhc0000gn/T/rust_mozprofileAwmh2O"
console.error: SearchCache: "_readCacheFile: Error reading cache file:" (new Error("", "(unknown module)"))
1598328040243	Marionette	INFO	Listening on port 59144
1598328040331	Marionette	WARN	TLS certificate errors will be ignored for this session
JavaScript warning: https://www.google.cl/maps/dir/Domingo+Tocornal,+Puente+Alto,+Regi%C3%B3n+Metropolitana/Hospital+Dr.+S%C3%B3tero+del+R%C3%ADo+-+Av.+Concha+Y+Toro+3459,+Puente+Alto,+Regi%C3%B3n+Metropolitana/@-33.5907463,-70.5937527,15z/am=t/data=!4m14!4m13!1m5!1m1!1s0x9662d7012d99ff11:0x5c560960309bbd21!2m2!1d-70.5800074!2d-33.6032038!1m5!1m1!1s0x9662d725b4a98067:0x62a60b0a60a05f60!2m2!1d-70.5814083!2d-33.5774536!3e0 line 1458 > injectedScript, line 5470: WebGL warning: texSubImage: Texture has not been initialized prior to a partial upload, forcing the browser to clear it. This may be slow.
JavaScript warning: https://www.google.cl/maps/dir/Domingo+Tocornal,+Puente+Alto,+Regi%C3%B3n+Metropolitana/Hospital+Dr.+S%C3%B3tero+del+R%C3%ADo+-+Av.+Concha+Y+Toro+3459,+Puente+Alto,+Regi%C3%B3n+Metropolitana/@-33.5907463,-70.5937527,15z/am=t/data=!4m14!4m13!1m5!1m1!1s0x9662d7012d99ff11:0x5c560960309bbd21!2m2!1d-70.5800074!2d-33.6032038!1m5!1m1!1s0x9662d725b4a98067:0x62a60b0a60a05f60!2m2!1d-70.5814083!2d-33.5774536!3e0 line 1458 > injectedScript, line 5470: WebGL warning: texSubImage: Tex image TEXTURE_2D level 0 is incurring lazy initialization.
JavaScript warning: https://www.google.cl/maps/dir/Domingo+Tocornal,+Puente+Alto,+Regi%C3%B3n+Metropolitana/Hospital+Dr.+S%C3%B3tero+del+R%C3%ADo+-+Av.+Concha+Y+Toro+3459,+Puente+Alto,+Regi%C3%B3n+Metropolitana/@-33.5907463,-70.5937527,15z/am=t/data=!4m14!4m13!1m5!1m1!1s0x9662d7012d99ff11:0x5c560960309bbd21!2m2!1d-70.5800074!2d-33.6032038!1m5!1m1!1s0x9662d725b4a98067:0x62a60b0a60a05f60!2m2!1d-70.5814083!2d-33.5774536!3e0 line 1458 > injectedScript, line 5470: WebGL warning: texSubImage: Texture has not been initialized prior to a partial upload, forcing the browser to clear it. This may be slow.
JavaScript warning: https://www.google.cl/maps/dir/Domingo+Tocornal,+Puente+Alto,+Regi%C3%B3n+Metropolitana/Hospital+Dr.+S%C3%B3tero+del+R%C3%ADo+-+Av.+Concha+Y+Toro+3459,+Puente+Alto,+Regi%C3%B3n+Metropolitana/@-33.5907463,-70.5937527,15z/am=t/data=!4m14!4m13!1m5!1m1!1s0x9662d7012d99ff11:0x5c560960309bbd21!2m2!1d-70.5800074!2d-33.6032038!1m5!1m1!1s0x9662d725b4a98067:0x62a60b0a60a05f60!2m2!1d-70.5814083!2d-33.5774536!3e0 line 1458 > injectedScript, line 5470: WebGL warning: texSubImage: Tex image TEXTURE_2D level 0 is incurring lazy initialization.
JavaScript warning: https://www.google.cl/maps/dir/Domingo+Tocornal,+Puente+Alto,+Regi%C3%B3n+Metropolitana/Hospital+Dr.+S%C3%B3tero+del+R%C3%ADo+-+Av.+Concha+Y+Toro+3459,+Puente+Alto,+Regi%C3%B3n+Metropolitana/@-33.5907463,-70.5937527,15z/am=t/data=!4m14!4m13!1m5!1m1!1s0x9662d7012d99ff11:0x5c560960309bbd21!2m2!1d-70.5800074!2d-33.6032038!1m5!1m1!1s0x9662d725b4a98067:0x62a60b0a60a05f60!2m2!1d-70.5814083!2d-33.5774536!3e0 line 1458 > injectedScript, line 5470: WebGL warning: texSubImage: Texture has not been initialized prior to a partial upload, forcing the browser to clear it. This may be slow.
JavaScript warning: https://www.google.cl/maps/dir/Domingo+Tocornal,+Puente+Alto,+Regi%C3%B3n+Metropolitana/Hospital+Dr.+S%C3%B3tero+del+R%C3%ADo+-+Av.+Concha+Y+Toro+3459,+Puente+Alto,+Regi%C3%B3n+Metropolitana/@-33.5907463,-70.5937527,15z/am=t/data=!4m14!4m13!1m5!1m1!1s0x9662d7012d99ff11:0x5c560960309bbd21!2m2!1d-70.5800074!2d-33.6032038!1m5!1m1!1s0x9662d725b4a98067:0x62a60b0a60a05f60!2m2!1d-70.5814083!2d-33.5774536!3e0 line 1458 > injectedScript, line 5470: WebGL warning: texSubImage: Tex image TEXTURE_2D level 0 is incurring lazy initialization.
JavaScript warning: https://www.google.cl/maps/dir/Domingo+Tocornal,+Puente+Alto,+Regi%C3%B3n+Metropolitana/Hospital+Dr.+S%C3%B3tero+del+R%C3%ADo+-+Av.+Concha+Y+Toro+3459,+Puente+Alto,+Regi%C3%B3n+Metropolitana/@-33.5907463,-70.5937527,15z/am=t/data=!4m14!4m13!1m5!1m1!1s0x9662d7012d99ff11:0x5c560960309bbd21!2m2!1d-70.5800074!2d-33.6032038!1m5!1m1!1s0x9662d725b4a98067:0x62a60b0a60a05f60!2m2!1d-70.5814083!2d-33.5774536!3e0 line 1458 > injectedScript, line 5470: WebGL warning: texSubImage: Texture has not been initialized prior to a partial upload, forcing the browser to clear it. This may be slow.
JavaScript warning: https://www.google.cl/maps/dir/Domingo+Tocornal,+Puente+Alto,+Regi%C3%B3n+Metropolitana/Hospital+Dr.+S%C3%B3tero+del+R%C3%ADo+-+Av.+Concha+Y+Toro+3459,+Puente+Alto,+Regi%C3%B3n+Metropolitana/@-33.5907463,-70.5937527,15z/am=t/data=!4m14!4m13!1m5!1m1!1s0x9662d7012d99ff11:0x5c560960309bbd21!2m2!1d-70.5800074!2d-33.6032038!1m5!1m1!1s0x9662d725b4a98067:0x62a60b0a60a05f60!2m2!1d-70.5814083!2d-33.5774536!3e0 line 1458 > injectedScript, line 5470: WebGL warning: texSubImage: Tex image TEXTURE_2D level 0 is incurring lazy initialization.
JavaScript warning: https://www.google.cl/maps/dir/Domingo+Tocornal,+Puente+Alto,+Regi%C3%B3n+Metropolitana/Hospital+Dr.+S%C3%B3tero+del+R%C3%ADo+-+Av.+Concha+Y+Toro+3459,+Puente+Alto,+Regi%C3%B3n+Metropolitana/@-33.5907463,-70.5937527,15z/am=t/data=!4m14!4m13!1m5!1m1!1s0x9662d7012d99ff11:0x5c560960309bbd21!2m2!1d-70.5800074!2d-33.6032038!1m5!1m1!1s0x9662d725b4a98067:0x62a60b0a60a05f60!2m2!1d-70.5814083!2d-33.5774536!3e0 line 1458 > injectedScript, line 5470: WebGL warning: texSubImage: Texture has not been initialized prior to a partial upload, forcing the browser to clear it. This may be slow.
JavaScript warning: https://www.google.cl/maps/dir/Domingo+Tocornal,+Puente+Alto,+Regi%C3%B3n+Metropolitana/Hospital+Dr.+S%C3%B3tero+del+R%C3%ADo+-+Av.+Concha+Y+Toro+3459,+Puente+Alto,+Regi%C3%B3n+Metropolitana/@-33.5907463,-70.5937527,15z/am=t/data=!4m14!4m13!1m5!1m1!1s0x9662d7012d99ff11:0x5c560960309bbd21!2m2!1d-70.5800074!2d-33.6032038!1m5!1m1!1s0x9662d725b4a98067:0x62a60b0a60a05f60!2m2!1d-70.5814083!2d-33.5774536!3e0 line 1458 > injectedScript, line 5470: WebGL warning: texSubImage: Tex image TEXTURE_2D level 0 is incurring lazy initialization.
JavaScript warning: https://www.google.cl/maps/dir/Domingo+Tocornal,+Puente+Alto,+Regi%C3%B3n+Metropolitana/Hospital+Dr.+S%C3%B3tero+del+R%C3%ADo+-+Av.+Concha+Y+Toro+3459,+Puente+Alto,+Regi%C3%B3n+Metropolitana/@-33.5907463,-70.5937527,15z/am=t/data=!4m14!4m13!1m5!1m1!1s0x9662d7012d99ff11:0x5c560960309bbd21!2m2!1d-70.5800074!2d-33.6032038!1m5!1m1!1s0x9662d725b4a98067:0x62a60b0a60a05f60!2m2!1d-70.5814083!2d-33.5774536!3e0 line 1458 > injectedScript, line 5470: WebGL warning: texSubImage: Texture has not been initialized prior to a partial upload, forcing the browser to clear it. This may be slow.
JavaScript warning: https://www.google.cl/maps/dir/Domingo+Tocornal,+Puente+Alto,+Regi%C3%B3n+Metropolitana/Hospital+Dr.+S%C3%B3tero+del+R%C3%ADo+-+Av.+Concha+Y+Toro+3459,+Puente+Alto,+Regi%C3%B3n+Metropolitana/@-33.5907463,-70.5937527,15z/am=t/data=!4m14!4m13!1m5!1m1!1s0x9662d7012d99ff11:0x5c560960309bbd21!2m2!1d-70.5800074!2d-33.6032038!1m5!1m1!1s0x9662d725b4a98067:0x62a60b0a60a05f60!2m2!1d-70.5814083!2d-33.5774536!3e0 line 1458 > injectedScript, line 5470: WebGL warning: texSubImage: Tex image TEXTURE_2D level 0 is incurring lazy initialization.
JavaScript warning: https://www.google.cl/maps/dir/Domingo+Tocornal,+Puente+Alto,+Regi%C3%B3n+Metropolitana/Hospital+Dr.+S%C3%B3tero+del+R%C3%ADo+-+Av.+Concha+Y+Toro+3459,+Puente+Alto,+Regi%C3%B3n+Metropolitana/@-33.5907463,-70.5937527,15z/am=t/data=!4m14!4m13!1m5!1m1!1s0x9662d7012d99ff11:0x5c560960309bbd21!2m2!1d-70.5800074!2d-33.6032038!1m5!1m1!1s0x9662d725b4a98067:0x62a60b0a60a05f60!2m2!1d-70.5814083!2d-33.5774536!3e0 line 1458 > injectedScript, line 5481: WebGL warning: copyTexSubImage: Texture has not been initialized prior to a partial upload, forcing the browser to clear it. This may be slow.
JavaScript warning: https://www.google.cl/maps/dir/Domingo+Tocornal,+Puente+Alto,+Regi%C3%B3n+Metropolitana/Hospital+Dr.+S%C3%B3tero+del+R%C3%ADo+-+Av.+Concha+Y+Toro+3459,+Puente+Alto,+Regi%C3%B3n+Metropolitana/@-33.5907463,-70.5937527,15z/am=t/data=!4m14!4m13!1m5!1m1!1s0x9662d7012d99ff11:0x5c560960309bbd21!2m2!1d-70.5800074!2d-33.6032038!1m5!1m1!1s0x9662d725b4a98067:0x62a60b0a60a05f60!2m2!1d-70.5814083!2d-33.5774536!3e0 line 1458 > injectedScript, line 5481: WebGL warning: copyTexSubImage: Tex image TEXTURE_2D level 0 is incurring lazy initialization.
1598328222529	geckodriver	INFO	Listening on 127.0.0.1:51417
1598328223541	mozrunner::runner	INFO	Running command: "/Applications/Firefox.app/Contents/MacOS/firefox-bin" "--marionette" "-foreground" "-no-remote" "-profile" "/var/folders/1t/bb2drqkd5qng63n6xbv7zyhc0000gn/T/rust_mozprofileGotoOZ"
console.error: SearchCache: "_readCacheFile: Error reading cache file:" (new Error("", "(unknown module)"))
1598328225592	Marionette	INFO	Listening on port 51474
1598328225613	Marionette	WARN	TLS certificate errors will be ignored for this session
1598328259448	Marionette	INFO	Stopped listening on port 59144
1598328262478	Marionette	INFO	Stopped listening on port 51474
1598328718283	geckodriver	INFO	Listening on 127.0.0.1:58134
1598328719293	mozrunner::runner	INFO	Running command: "/Applications/Firefox.app/Contents/MacOS/firefox-bin" "--marionette" "-foreground" "-no-remote" "-profile" "/var/folders/1t/bb2drqkd5qng63n6xbv7zyhc0000gn/T/rust_mozprofilecM0Vy1"
console.error: SearchCache: "_readCacheFile: Error reading cache file:" (new Error("", "(unknown module)"))
1598328722674	Marionette	INFO	Listening on port 58185
1598328722747	Marionette	WARN	TLS certificate errors will be ignored for this session
JavaScript warning: https://www.google.cl/maps/dir/Domingo+Tocornal,+Puente+Alto,+Regi%C3%B3n+Metropolitana/Hospital+Dr.+S%C3%B3tero+del+R%C3%ADo+-+Av.+Concha+Y+Toro+3459,+Puente+Alto,+Regi%C3%B3n+Metropolitana/@-33.5907463,-70.5937527,15z/am=t/data=!4m14!4m13!1m5!1m1!1s0x9662d7012d99ff11:0x5c560960309bbd21!2m2!1d-70.5800074!2d-33.6032038!1m5!1m1!1s0x9662d725b4a98067:0x62a60b0a60a05f60!2m2!1d-70.5814083!2d-33.5774536!3e0 line 1458 > injectedScript, line 5470: WebGL warning: texSubImage: Texture has not been initialized prior to a partial upload, forcing the browser to clear it. This may be slow.
JavaScript warning: https://www.google.cl/maps/dir/Domingo+Tocornal,+Puente+Alto,+Regi%C3%B3n+Metropolitana/Hospital+Dr.+S%C3%B3tero+del+R%C3%ADo+-+Av.+Concha+Y+Toro+3459,+Puente+Alto,+Regi%C3%B3n+Metropolitana/@-33.5907463,-70.5937527,15z/am=t/data=!4m14!4m13!1m5!1m1!1s0x9662d7012d99ff11:0x5c560960309bbd21!2m2!1d-70.5800074!2d-33.6032038!1m5!1m1!1s0x9662d725b4a98067:0x62a60b0a60a05f60!2m2!1d-70.5814083!2d-33.5774536!3e0 line 1458 > injectedScript, line 5470: WebGL warning: texSubImage: Tex image TEXTURE_2D level 0 is incurring lazy initialization.
JavaScript warning: https://www.google.cl/maps/dir/Domingo+Tocornal,+Puente+Alto,+Regi%C3%B3n+Metropolitana/Hospital+Dr.+S%C3%B3tero+del+R%C3%ADo+-+Av.+Concha+Y+Toro+3459,+Puente+Alto,+Regi%C3%B3n+Metropolitana/@-33.5907463,-70.5937527,15z/am=t/data=!4m14!4m13!1m5!1m1!1s0x9662d7012d99ff11:0x5c560960309bbd21!2m2!1d-70.5800074!2d-33.6032038!1m5!1m1!1s0x9662d725b4a98067:0x62a60b0a60a05f60!2m2!1d-70.5814083!2d-33.5774536!3e0 line 1458 > injectedScript, line 5470: WebGL warning: texSubImage: Texture has not been initialized prior to a partial upload, forcing the browser to clear it. This may be slow.
JavaScript warning: https://www.google.cl/maps/dir/Domingo+Tocornal,+Puente+Alto,+Regi%C3%B3n+Metropolitana/Hospital+Dr.+S%C3%B3tero+del+R%C3%ADo+-+Av.+Concha+Y+Toro+3459,+Puente+Alto,+Regi%C3%B3n+Metropolitana/@-33.5907463,-70.5937527,15z/am=t/data=!4m14!4m13!1m5!1m1!1s0x9662d7012d99ff11:0x5c560960309bbd21!2m2!1d-70.5800074!2d-33.6032038!1m5!1m1!1s0x9662d725b4a98067:0x62a60b0a60a05f60!2m2!1d-70.5814083!2d-33.5774536!3e0 line 1458 > injectedScript, line 5470: WebGL warning: texSubImage: Tex image TEXTURE_2D level 0 is incurring lazy initialization.
JavaScript warning: https://www.google.cl/maps/dir/Domingo+Tocornal,+Puente+Alto,+Regi%C3%B3n+Metropolitana/Hospital+Dr.+S%C3%B3tero+del+R%C3%ADo+-+Av.+Concha+Y+Toro+3459,+Puente+Alto,+Regi%C3%B3n+Metropolitana/@-33.5907463,-70.5937527,15z/am=t/data=!4m14!4m13!1m5!1m1!1s0x9662d7012d99ff11:0x5c560960309bbd21!2m2!1d-70.5800074!2d-33.6032038!1m5!1m1!1s0x9662d725b4a98067:0x62a60b0a60a05f60!2m2!1d-70.5814083!2d-33.5774536!3e0 line 1458 > injectedScript, line 5470: WebGL warning: texSubImage: Texture has not been initialized prior to a partial upload, forcing the browser to clear it. This may be slow.
JavaScript warning: https://www.google.cl/maps/dir/Domingo+Tocornal,+Puente+Alto,+Regi%C3%B3n+Metropolitana/Hospital+Dr.+S%C3%B3tero+del+R%C3%ADo+-+Av.+Concha+Y+Toro+3459,+Puente+Alto,+Regi%C3%B3n+Metropolitana/@-33.5907463,-70.5937527,15z/am=t/data=!4m14!4m13!1m5!1m1!1s0x9662d7012d99ff11:0x5c560960309bbd21!2m2!1d-70.5800074!2d-33.6032038!1m5!1m1!1s0x9662d725b4a98067:0x62a60b0a60a05f60!2m2!1d-70.5814083!2d-33.5774536!3e0 line 1458 > injectedScript, line 5470: WebGL warning: texSubImage: Tex image TEXTURE_2D level 0 is incurring lazy initialization.
JavaScript warning: https://www.google.cl/maps/dir/Domingo+Tocornal,+Puente+Alto,+Regi%C3%B3n+Metropolitana/Hospital+Dr.+S%C3%B3tero+del+R%C3%ADo+-+Av.+Concha+Y+Toro+3459,+Puente+Alto,+Regi%C3%B3n+Metropolitana/@-33.5907463,-70.5937527,15z/am=t/data=!4m14!4m13!1m5!1m1!1s0x9662d7012d99ff11:0x5c560960309bbd21!2m2!1d-70.5800074!2d-33.6032038!1m5!1m1!1s0x9662d725b4a98067:0x62a60b0a60a05f60!2m2!1d-70.5814083!2d-33.5774536!3e0 line 1458 > injectedScript, line 5470: WebGL warning: texSubImage: Texture has not been initialized prior to a partial upload, forcing the browser to clear it. This may be slow.
JavaScript warning: https://www.google.cl/maps/dir/Domingo+Tocornal,+Puente+Alto,+Regi%C3%B3n+Metropolitana/Hospital+Dr.+S%C3%B3tero+del+R%C3%ADo+-+Av.+Concha+Y+Toro+3459,+Puente+Alto,+Regi%C3%B3n+Metropolitana/@-33.5907463,-70.5937527,15z/am=t/data=!4m14!4m13!1m5!1m1!1s0x9662d7012d99ff11:0x5c560960309bbd21!2m2!1d-70.5800074!2d-33.6032038!1m5!1m1!1s0x9662d725b4a98067:0x62a60b0a60a05f60!2m2!1d-70.5814083!2d-33.5774536!3e0 line 1458 > injectedScript, line 5470: WebGL warning: texSubImage: Tex image TEXTURE_2D level 0 is incurring lazy initialization.
JavaScript warning: https://www.google.cl/maps/dir/Domingo+Tocornal,+Puente+Alto,+Regi%C3%B3n+Metropolitana/Hospital+Dr.+S%C3%B3tero+del+R%C3%ADo+-+Av.+Concha+Y+Toro+3459,+Puente+Alto,+Regi%C3%B3n+Metropolitana/@-33.5907463,-70.5937527,15z/am=t/data=!4m14!4m13!1m5!1m1!1s0x9662d7012d99ff11:0x5c560960309bbd21!2m2!1d-70.5800074!2d-33.6032038!1m5!1m1!1s0x9662d725b4a98067:0x62a60b0a60a05f60!2m2!1d-70.5814083!2d-33.5774536!3e0 line 1458 > injectedScript, line 5470: WebGL warning: texSubImage: Texture has not been initialized prior to a partial upload, forcing the browser to clear it. This may be slow.
JavaScript warning: https://www.google.cl/maps/dir/Domingo+Tocornal,+Puente+Alto,+Regi%C3%B3n+Metropolitana/Hospital+Dr.+S%C3%B3tero+del+R%C3%ADo+-+Av.+Concha+Y+Toro+3459,+Puente+Alto,+Regi%C3%B3n+Metropolitana/@-33.5907463,-70.5937527,15z/am=t/data=!4m14!4m13!1m5!1m1!1s0x9662d7012d99ff11:0x5c560960309bbd21!2m2!1d-70.5800074!2d-33.6032038!1m5!1m1!1s0x9662d725b4a98067:0x62a60b0a60a05f60!2m2!1d-70.5814083!2d-33.5774536!3e0 line 1458 > injectedScript, line 5470: WebGL warning: texSubImage: Tex image TEXTURE_2D level 0 is incurring lazy initialization.
JavaScript warning: https://www.google.cl/maps/dir/Domingo+Tocornal,+Puente+Alto,+Regi%C3%B3n+Metropolitana/Hospital+Dr.+S%C3%B3tero+del+R%C3%ADo+-+Av.+Concha+Y+Toro+3459,+Puente+Alto,+Regi%C3%B3n+Metropolitana/@-33.5907463,-70.5937527,15z/am=t/data=!4m14!4m13!1m5!1m1!1s0x9662d7012d99ff11:0x5c560960309bbd21!2m2!1d-70.5800074!2d-33.6032038!1m5!1m1!1s0x9662d725b4a98067:0x62a60b0a60a05f60!2m2!1d-70.5814083!2d-33.5774536!3e0 line 1458 > injectedScript, line 5470: WebGL warning: texSubImage: Texture has not been initialized prior to a partial upload, forcing the browser to clear it. This may be slow.
JavaScript warning: https://www.google.cl/maps/dir/Domingo+Tocornal,+Puente+Alto,+Regi%C3%B3n+Metropolitana/Hospital+Dr.+S%C3%B3tero+del+R%C3%ADo+-+Av.+Concha+Y+Toro+3459,+Puente+Alto,+Regi%C3%B3n+Metropolitana/@-33.5907463,-70.5937527,15z/am=t/data=!4m14!4m13!1m5!1m1!1s0x9662d7012d99ff11:0x5c560960309bbd21!2m2!1d-70.5800074!2d-33.6032038!1m5!1m1!1s0x9662d725b4a98067:0x62a60b0a60a05f60!2m2!1d-70.5814083!2d-33.5774536!3e0 line 1458 > injectedScript, line 5470: WebGL warning: texSubImage: Tex image TEXTURE_2D level 0 is incurring lazy initialization.
1598328906342	geckodriver	INFO	Listening on 127.0.0.1:50502
1598328907350	mozrunner::runner	INFO	Running command: "/Applications/Firefox.app/Contents/MacOS/firefox-bin" "--marionette" "-foreground" "-no-remote" "-profile" "/var/folders/1t/bb2drqkd5qng63n6xbv7zyhc0000gn/T/rust_mozprofilesGDZgT"
console.error: SearchCache: "_readCacheFile: Error reading cache file:" (new Error("", "(unknown module)"))
1598328909418	Marionette	INFO	Listening on port 50560
1598328909431	Marionette	WARN	TLS certificate errors will be ignored for this session
1598330358540	Marionette	INFO	Stopped listening on port 50560
1598330360006	Marionette	INFO	Stopped listening on port 58185
